<?xml version="1.0" encoding="UTF-8"?>
<testsuite name="org.meveo.model.catalog.CalendarTest" time="0.294" tests="34" errors="0" skipped="0" failures="0">
  <properties>
    <property name="java.runtime.name" value="Java(TM) SE Runtime Environment"/>
    <property name="sun.boot.library.path" value="C:\Program Files\Java\jdk1.8.0_91\jre\bin"/>
    <property name="java.vm.version" value="25.91-b15"/>
    <property name="java.vm.vendor" value="Oracle Corporation"/>
    <property name="maven.multiModuleProjectDirectory" value="C:\NiXLab\GitHub\Opencell"/>
    <property name="java.vendor.url" value="http://java.oracle.com/"/>
    <property name="path.separator" value=";"/>
    <property name="guice.disable.misplaced.annotation.check" value="true"/>
    <property name="java.vm.name" value="Java HotSpot(TM) 64-Bit Server VM"/>
    <property name="file.encoding.pkg" value="sun.io"/>
    <property name="user.script" value=""/>
    <property name="user.country" value="FR"/>
    <property name="sun.java.launcher" value="SUN_STANDARD"/>
    <property name="sun.os.patch.level" value="Service Pack 1"/>
    <property name="java.vm.specification.name" value="Java Virtual Machine Specification"/>
    <property name="user.dir" value="C:\NiXLab\GitHub\Opencell"/>
    <property name="java.runtime.version" value="1.8.0_91-b15"/>
    <property name="java.awt.graphicsenv" value="sun.awt.Win32GraphicsEnvironment"/>
    <property name="java.endorsed.dirs" value="C:\Program Files\Java\jdk1.8.0_91\jre\lib\endorsed"/>
    <property name="os.arch" value="amd64"/>
    <property name="java.io.tmpdir" value="C:\Users\DELATT~1\AppData\Local\Temp\"/>
    <property name="line.separator" value="&#10;"/>
    <property name="java.vm.specification.vendor" value="Oracle Corporation"/>
    <property name="user.variant" value=""/>
    <property name="os.name" value="Windows 7"/>
    <property name="classworlds.conf" value="C:\apache-maven-3.3.9\bin\m2.conf"/>
    <property name="sun.jnu.encoding" value="Cp1252"/>
    <property name="java.library.path" value="C:\Program Files\Java\jdk1.8.0_91\bin;C:\windows\Sun\Java\bin;C:\windows\system32;C:\windows;C:\oraclexe\app\oracle\product\11.2.0\server\bin;;C:\ProgramData\Oracle\Java\javapath;C:\windows\system32;C:\windows;C:\windows\System32\Wbem;C:\windows\System32\WindowsPowerShell\v1.0\;C:\Program Files\Symantec\Symantec Endpoint Encryption Clients\;c:\Program Files (x86)\Microsoft SQL Server\100\Tools\Binn\;c:\Program Files\Microsoft SQL Server\100\Tools\Binn\;c:\Program Files\Microsoft SQL Server\100\DTS\Binn\;C:\Program Files\Git\cmd;C:\apache-maven-3.3.9\bin;C:\Program Files\Microsoft SQL Server\Client SDK\ODBC\110\Tools\Binn\;C:\Program Files (x86)\Microsoft SQL Server\120\Tools\Binn\;C:\Program Files\Microsoft SQL Server\120\Tools\Binn\;C:\Program Files\Microsoft SQL Server\120\DTS\Binn\;C:\Program Files (x86)\Microsoft SQL Server\120\Tools\Binn\ManagementStudio\;C:\Program Files (x86)\Microsoft SQL Server\120\DTS\Binn\;C:\Android;C:\Windows\System32;C:\Program Files\PuTTY\;C:\Program Files\nodejs\;C:\Users\delattrepe\AppData\Local\atom\bin;C:\Users\delattrepe\AppData\Roaming\npm;C:\Users\delattrepe\AppData\Local\GitHubDesktop\bin;C:\sonar-runner-2.4\bin;."/>
    <property name="java.specification.name" value="Java Platform API Specification"/>
    <property name="java.class.version" value="52.0"/>
    <property name="sun.management.compiler" value="HotSpot 64-Bit Tiered Compilers"/>
    <property name="os.version" value="6.1"/>
    <property name="user.home" value="C:\Users\delattrepe"/>
    <property name="user.timezone" value="Europe/Paris"/>
    <property name="java.awt.printerjob" value="sun.awt.windows.WPrinterJob"/>
    <property name="java.specification.version" value="1.8"/>
    <property name="file.encoding" value="Cp1252"/>
    <property name="user.name" value="delattrepe"/>
    <property name="java.class.path" value="C:\apache-maven-3.3.9\boot\plexus-classworlds-2.5.2.jar"/>
    <property name="java.vm.specification.version" value="1.8"/>
    <property name="sun.arch.data.model" value="64"/>
    <property name="java.home" value="C:\Program Files\Java\jdk1.8.0_91\jre"/>
    <property name="sun.java.command" value="org.codehaus.plexus.classworlds.launcher.Launcher clean install"/>
    <property name="java.specification.vendor" value="Oracle Corporation"/>
    <property name="user.language" value="fr"/>
    <property name="awt.toolkit" value="sun.awt.windows.WToolkit"/>
    <property name="java.vm.info" value="mixed mode"/>
    <property name="java.version" value="1.8.0_91"/>
    <property name="java.ext.dirs" value="C:\Program Files\Java\jdk1.8.0_91\jre\lib\ext;C:\windows\Sun\Java\lib\ext"/>
    <property name="sun.boot.class.path" value="C:\Program Files\Java\jdk1.8.0_91\jre\lib\resources.jar;C:\Program Files\Java\jdk1.8.0_91\jre\lib\rt.jar;C:\Program Files\Java\jdk1.8.0_91\jre\lib\sunrsasign.jar;C:\Program Files\Java\jdk1.8.0_91\jre\lib\jsse.jar;C:\Program Files\Java\jdk1.8.0_91\jre\lib\jce.jar;C:\Program Files\Java\jdk1.8.0_91\jre\lib\charsets.jar;C:\Program Files\Java\jdk1.8.0_91\jre\lib\jfr.jar;C:\Program Files\Java\jdk1.8.0_91\jre\classes"/>
    <property name="sun.stderr.encoding" value="cp850"/>
    <property name="java.vendor" value="Oracle Corporation"/>
    <property name="maven.home" value="C:\apache-maven-3.3.9"/>
    <property name="file.separator" value="\"/>
    <property name="java.vendor.url.bug" value="http://bugreport.sun.com/bugreport/"/>
    <property name="sun.cpu.endian" value="little"/>
    <property name="sun.io.unicode.encoding" value="UnicodeLittle"/>
    <property name="sun.stdout.encoding" value="cp850"/>
    <property name="sun.desktop" value="windows"/>
    <property name="sun.cpu.isalist" value="amd64"/>
  </properties>
  <testcase name="testSimpleWeekdayIntervalCalendar" classname="org.meveo.model.catalog.CalendarTest" time="0.085"/>
  <testcase name="testUnionNextPreviousCalendar" classname="org.meveo.model.catalog.CalendarTest" time="0.019"/>
  <testcase name="testHourCalendar" classname="org.meveo.model.catalog.CalendarTest" time="0.016"/>
  <testcase name="testOnePeriodInSecondCalendar" classname="org.meveo.model.catalog.CalendarTest" time="0.007"/>
  <testcase name="testCrossWeekdayIntervalCalendarNextPreviousPeriod" classname="org.meveo.model.catalog.CalendarTest" time="0.005"/>
  <testcase name="testYearCalendar2" classname="org.meveo.model.catalog.CalendarTest" time="0.041"/>
  <testcase name="testSimpleHourIntervalCalendar" classname="org.meveo.model.catalog.CalendarTest" time="0"/>
  <testcase name="testHourCalendar2" classname="org.meveo.model.catalog.CalendarTest" time="0.022"/>
  <testcase name="testSimpleWeekdayIntervalCalendarNextPreviousPeriod" classname="org.meveo.model.catalog.CalendarTest" time="0"/>
  <testcase name="testfullWeekdayIntervalCalendar" classname="org.meveo.model.catalog.CalendarTest" time="0"/>
  <testcase name="testZeroPeriodInMonthCalendar" classname="org.meveo.model.catalog.CalendarTest" time="0.001"/>
  <testcase name="testFullDayIntervalCalendar" classname="org.meveo.model.catalog.CalendarTest" time="0"/>
  <testcase name="testFullDayIntervalCalendar2" classname="org.meveo.model.catalog.CalendarTest" time="0.005"/>
  <testcase name="testFullHourIntervalCalendar" classname="org.meveo.model.catalog.CalendarTest" time="0.012"/>
  <testcase name="testSimpleDayIntervalCalendarNextPreviousPeriod" classname="org.meveo.model.catalog.CalendarTest" time="0"/>
  <testcase name="testCrossHourIntervalCalendar" classname="org.meveo.model.catalog.CalendarTest" time="0"/>
  <testcase name="testSimpleHourIntervalCalendarNextPreviousPeriod" classname="org.meveo.model.catalog.CalendarTest" time="0.005"/>
  <testcase name="testMultiPeriodInMonthCalendar" classname="org.meveo.model.catalog.CalendarTest" time="0.072"/>
  <testcase name="testCrossHourIntervalCalendarNextPreviousPeriod" classname="org.meveo.model.catalog.CalendarTest" time="0"/>
  <testcase name="testCrossDayIntervalCalendarNextPreviousPeriod" classname="org.meveo.model.catalog.CalendarTest" time="0"/>
  <testcase name="testOnePeriodInMinuteCalendar" classname="org.meveo.model.catalog.CalendarTest" time="0"/>
  <testcase name="testYearCalendar" classname="org.meveo.model.catalog.CalendarTest" time="0"/>
  <testcase name="testOnePeriodInHourCalendar" classname="org.meveo.model.catalog.CalendarTest" time="0"/>
  <testcase name="testCrossDayIntervalCalendar" classname="org.meveo.model.catalog.CalendarTest" time="0"/>
  <testcase name="testZeroHourIntervalCalendar" classname="org.meveo.model.catalog.CalendarTest" time="0"/>
  <testcase name="testIntersectCalendar" classname="org.meveo.model.catalog.CalendarTest" time="0"/>
  <testcase name="testMultiPeriodInMinuteCalendar" classname="org.meveo.model.catalog.CalendarTest" time="0"/>
  <testcase name="testFullHourIntervalCalendar2" classname="org.meveo.model.catalog.CalendarTest" time="0"/>
  <testcase name="testOnePeriodInDaysCalendar" classname="org.meveo.model.catalog.CalendarTest" time="0"/>
  <testcase name="testfullWeekdayIntervalCalendar2" classname="org.meveo.model.catalog.CalendarTest" time="0"/>
  <testcase name="testUnionCalendar" classname="org.meveo.model.catalog.CalendarTest" time="0"/>
  <testcase name="testOnePeriodInMonthCalendar" classname="org.meveo.model.catalog.CalendarTest" time="0.004"/>
  <testcase name="testSimpleDayIntervalCalendar" classname="org.meveo.model.catalog.CalendarTest" time="0"/>
  <testcase name="testCrossWeekdayIntervalCalendar" classname="org.meveo.model.catalog.CalendarTest" time="0"/>
</testsuite>