<?xml version="1.0" encoding="UTF-8"?>
<dataset>
    <CRM_USER ID="1" DISABLED="0" CREATED="2009-01-01" CREATOR_ID="1"/>
    
    <SALES_PARTY_LEVEL ID="1" PARTY_TYPE="CUSTOMER" CAN_CREATE_CHILD="1" CAN_HAVE_ACCOUNT="1" MUST_HAVE_EXTERNAL_REFERENCE="0" TO_VALIDATE="0" CAN_SELL_SIMCARDS="0" CAN_HAVE_SUPPLIER_ACCOUNT="0" DISABLED="0"/>
    <SALES_PARTY ID="1" CODE="PARTY_CODE" NAME="PARTY_NAME" DISABLED="0" CREATED="2009-01-01" CREATOR_ID="1" FLAG_SHOW_IMEI="1" FLAG_SALES_PREACT="1" PARTY_LEVEL_ID="1" FLAG_PREACT_GDM="0" FLAG_MSISDNA="1" FLAG_SHOW_PDPCELL="1" />

    <SALES_PARTY_LEVEL ID="2" PARTY_TYPE="CUSTOMER" CAN_CREATE_CHILD="1" CAN_HAVE_ACCOUNT="1" MUST_HAVE_EXTERNAL_REFERENCE="0" TO_VALIDATE="0" CAN_SELL_SIMCARDS="0" CAN_HAVE_SUPPLIER_ACCOUNT="0" DISABLED="0"/>
    <SALES_PARTY ID="2" CODE="PARTY_CODE2" NAME="PARTY_NAME2" DISABLED="0" CREATED="2009-01-01" CREATOR_ID="1" FLAG_SHOW_IMEI="1" FLAG_SALES_PREACT="1" PARTY_LEVEL_ID="2" FLAG_PREACT_GDM="0" FLAG_MSISDNA="1" FLAG_SHOW_PDPCELL="1"/>
    
    <RM_OFFER ID="1" DISABLED="0" CREATED="2009-01-01" CODE="1111" CREATOR_ID="1" />

	<CRM_CUSTOMER_ACCOUNT ID="1" CODE="CUSTOMER_CODE" NAME="CUTOMER_NAME" PARTY_ID="1" STATUS="0" DISABLED="0" CREATED="2009-01-01" CREATOR_ID="1" COMPANY="COMPANY" TAX_ZONE="0" />
	
    <CRM_OFFER_GROUP ID="1" CUSTOMER_ACCOUNT_ID="1" OFFER_INSTANCE_ID="1" DISABLED="0" CREATED="2009-01-01" CREATOR_ID="1" />

    <CRM_OFFER_GROUP ID="261" CUSTOMER_ACCOUNT_ID="1" OFFER_INSTANCE_ID="1" DISABLED="0" CREATED="2009-01-01" CREATOR_ID="1" />

	<!-- Medina configurations -->
	<MEDINA_CONFIGURATION ID="1" CONFIG_KEY="medina.ingenicoOfferCodes" CONFIG_VALUE="2222,3333,9999,OFFER1,OFFER2,OFFER3,OFFER4,OFFER5,PROV_OFFER,OFFER_CODE_ROLLBACK,PROV_OFFER_CODE,5OFFER5,ZONNING_PLAN_WITHOUT_ZONE_TYPE,PROV_OFFER_CODE_FOR_SUBSCRIPTION_NO_MATCHING,GOODKAP_NOT_AUTHORIZED,PROV_OFFER_CODE_FOR_SUBSCRIPTION,6OFFER6,7OFFER7,8OFFER8" />
	<MEDINA_CONFIGURATION ID="2" CONFIG_KEY="medina.ingenicoOffersByPAOfferCodes" CONFIG_VALUE="TEST_INGENICO_BY_PA_OFFER_CODE" />
	<MEDINA_CONFIGURATION ID="3" CONFIG_KEY="medina.goodKapOfferCodes" CONFIG_VALUE="GOODKAP" />
	<!-- <MEDINA_CONFIGURATION ID="4" CONFIG_KEY="medina.erdfOfferCodes" CONFIG_VALUE="" /> -->
	<MEDINA_CONFIGURATION ID="5" CONFIG_KEY="medina.smsOffers" CONFIG_VALUE="default_offer,GOODKAP,TEST_VOICE_BY_OG_OFFER_CODE,TEST_SMS_BY_OG_OFFER_CODE,TEST_INGENICO_BY_PA_OFFER_CODE" />
	<MEDINA_CONFIGURATION ID="6" CONFIG_KEY="medina.voiceOffers" CONFIG_VALUE="default_offer,TEST_DATA_BY_PA_OFFER_CODE,GOODKAP,TEST_ALL_BY_PA_OFFER_CODE,5OFFER5,6OFFER6,7OFFER7,TEST_VOICE_BY_OG_OFFER_CODE,TEST_SMS_BY_OG_OFFER_CODE,TEST_INGENICO_BY_PA_OFFER_CODE" />
	<MEDINA_CONFIGURATION ID="7" CONFIG_KEY="medina.dataByPAOfferCodes" CONFIG_VALUE="TEST_DATA_BY_PA_OFFER_CODE" />
	<MEDINA_CONFIGURATION ID="8" CONFIG_KEY="medina.allByPAOfferCodes" CONFIG_VALUE="OFFER9009,default_offer,TEST_ALL_BY_PA_OFFER_CODE,DATA_CSD_OFFER" />
	<MEDINA_CONFIGURATION ID="9" CONFIG_KEY="medina.allByOfferGroupOfferCodes" CONFIG_VALUE="OTHER_OFFER,TEST_ALL_BY_PA_OFFER_GROUP_OFFER_CODE" />
	<MEDINA_CONFIGURATION ID="10" CONFIG_KEY="medina.gprsByPAOfferCodes" CONFIG_VALUE="TEST_GPRS_BY_PA_OFFER_CODE" />
	<MEDINA_CONFIGURATION ID="11" CONFIG_KEY="medina.onNetOffers" CONFIG_VALUE="OFFER1,5OFFER5" />
	<MEDINA_CONFIGURATION ID="12" CONFIG_KEY="medina.superOnNetOffers" CONFIG_VALUE="OFFER1,5OFFER5" />
	<MEDINA_CONFIGURATION ID="13" CONFIG_KEY="medina.mvnoOfferCodes" CONFIG_VALUE="MVNO_OFFER" /> 
	<MEDINA_CONFIGURATION ID="14" CONFIG_KEY="medina.dataCSDOffers" CONFIG_VALUE="DATA_CSD_OFFER,TEST_INGENICO_BY_PA_OFFER_CODE,TEST_SMS_BY_OG_OFFER_CODE,TEST_VOICE_BY_OG_OFFER_CODE,TEST_GPRS_BY_PA_OFFER_CODE,7OFFER7,5OFFER5" />
	<MEDINA_CONFIGURATION ID="15" CONFIG_KEY="medina.prepaidOfferCodes" CONFIG_VALUE="PREPAID_PGO,PREPAID_TRY" />
	<MEDINA_CONFIGURATION ID="16" CONFIG_KEY="medina.voiceByOGOfferCodes" CONFIG_VALUE="TEST_VOICE_BY_OG_OFFER_CODE" /> 
	<MEDINA_CONFIGURATION ID="17" CONFIG_KEY="medina.smsByOGOfferCodes" CONFIG_VALUE="TEST_SMS_BY_OG_OFFER_CODE" />
	<MEDINA_CONFIGURATION ID="18" CONFIG_KEY="medina.cellParties" CONFIG_VALUE="1,2" />
	<MEDINA_CONFIGURATION ID="19" CONFIG_KEY="medina.pdpParties" CONFIG_VALUE="1,2" />
	<MEDINA_CONFIGURATION ID="20" CONFIG_KEY="medina.noPAImsiGroups" CONFIG_VALUE="02=default_offer;90,03=default_offer2;2" />

	<!-- Test previous offer group offer code select -->
    <RM_OFFER ID="1111" DISABLED="0" CREATED="2009-01-01" CODE="OTHER_OFFER" CREATOR_ID="1" />
    <CRM_OFFER_GROUP ID="1111" CUSTOMER_ACCOUNT_ID="1" OFFER_INSTANCE_ID="1111" DISABLED="0" CREATED="2009-01-01" CREATOR_ID="1" />
    <CRM_OFFER_GROUP ID="2223" CUSTOMER_ACCOUNT_ID="1" OFFER_INSTANCE_ID="1111" DISABLED="0" CREATED="2009-01-01" CREATOR_ID="1" />

    <RM_ALARM ID="1000" DISABLED="0" CREATED="2009-01-01" CREATOR_ID="1" />
    
    <!-- Test alarm counters update -->
    <RM_OFFER ID="8001" DISABLED="0" CREATED="2009-01-01" CODE="8OFFER8" CREATOR_ID="1" />
    <RM_ACCESS_POINT ID="8001" DISABLED="0" CREATED="2009-01-01" CREATOR_ID="1" OLD_PROVISIONING="0" LAST_PLMN="20820" OFFER_INSTANCE_ID="8001" ACTIVATION_DATE="2009-03-01" OFFER_GROUP_ID="1" BILLING_STATUS="ACTIVATED" BILLING_STATUS_CHANGE_DATE="2009-03-01" PREVIOUS_OFFER_GROUP_ID="12345" PREVIOUS_OFFER_GROUP_UPDATE="2009-02-01"/>
    <RM_LINE ID="8001" DISABLED="0" CREATED="2009-01-01" MSISDN_PREVIOUS="88888" MSISDN="88888" MSISDN2="0" IMSI="88888" ACCESS_POINT_ID="8001" CREATOR_ID="1" STATUS="ALLOCATED" IP_ADDRESS="55.55.55.55"/>
    <MEDINA_USAGE_COUNTER ID="8001" PARTITION_ID="1" ACCESS_POINT_ID="8001" COUNTER1="0" COUNTER1_UP="0" COUNTER1_DOWN="0" COUNTER2="0" COUNTER2_UP="0" COUNTER2_DOWN="0" COUNTER3="0" COUNTER3_UP="0" COUNTER3_DOWN="0" LAST_COMMUNICATION_DATE="2009-01-20" LAST_DATA_COMUNICATION="2009-01-20" LAST_OUT_SMS_COMUNICATION="2009-01-20" LAST_OUT_VOICE_COMUNICATION="2009-01-20" LAST_OUT_ROAMING_COMUNICATION="2009-01-20" LAST_IN_ROAMING_COMUNICATION="2009-01-20" IS_PA_ON_ACTIVE_OFFER="0" UPDATE_FROM="2008-01-01" />
    <MEDINA_ZONNING_PLAN ID="8001" OFFER_CODE="8OFFER8" ZONE_ID="8ZONE8" PLMN_CODE="20820" CDR_TYPE="ALL" DIRECTION="ALL" ZONE_TYPE="0"/>
    <RM_ALARM_INSTANCE ID="8001" PARTITION_ID="1" DISABLED="0" FIRST_TICKET_DATE="2010-02-01" CREATED="2009-01-01" ACCESS_POINT_ID="8001" ALARM_TYPE="OVER_CONSUMPTION_VOLUME" CCV1="0" CCV1_UP="0" CCV1_DOWN="0" CCV2="0" CCV2_UP="0" CCV2_DOWN="0" CCV3="0" CCV3_UP="0" CCV3_DOWN="0" ALARM_ID="1000"/>
    <RM_ALARM_INSTANCE ID="8002" PARTITION_ID="1" DISABLED="0" FIRST_TICKET_DATE="2010-02-01" CREATED="2009-01-01" ACCESS_POINT_ID="8001" ALARM_TYPE="UNDER_CONSUMPTION_VOLUME" CCV1="0" CCV1_UP="0" CCV1_DOWN="0" CCV2="0" CCV2_UP="0" CCV2_DOWN="0" CCV3="0" CCV3_UP="0" CCV3_DOWN="0" ALARM_ID="1000"/>
    <RM_ALARM_INSTANCE ID="8003" PARTITION_ID="1" DISABLED="0" FIRST_TICKET_DATE="2010-02-01" CREATED="2009-01-01" ACCESS_POINT_ID="8001" ALARM_TYPE="PLMN_CHANGE" CCV1="0" CCV1_UP="0" CCV1_DOWN="0" CCV2="0" CCV2_UP="0" CCV2_DOWN="0" CCV3="0" CCV3_UP="0" CCV3_DOWN="0" ALARM_ID="1000"/>
    <RM_SIMCARD ID="8001" DISABLED="0" CREATED="2009-01-01" CREATOR_ID="1" ACCESS_POINT_ID="8001" PARTY_ID="2" ICCID="789" />
    
    <!-- Test incoming ticket zone -->
    <RM_OFFER ID="7001" DISABLED="0" CREATED="2009-01-01" CODE="7OFFER7" CREATOR_ID="1" />
    <RM_ACCESS_POINT ID="7001" DISABLED="0" CREATED="2009-01-01" CREATOR_ID="1" OLD_PROVISIONING="0" LAST_PLMN="20820" OFFER_INSTANCE_ID="7001" ACTIVATION_DATE="2009-03-01" OFFER_GROUP_ID="1" BILLING_STATUS="ACTIVATED" BILLING_STATUS_CHANGE_DATE="2009-03-01" PREVIOUS_OFFER_GROUP_ID="12345" PREVIOUS_OFFER_GROUP_UPDATE="2009-02-01"/>
    <RM_LINE ID="7001" DISABLED="0" CREATED="2009-01-01" MSISDN_PREVIOUS="77777" MSISDN="77777" MSISDN2="0" IMSI="77777" ACCESS_POINT_ID="7001" CREATOR_ID="1" STATUS="ALLOCATED"/>
    <MEDINA_USAGE_COUNTER ID="7001" PARTITION_ID="1" ACCESS_POINT_ID="7001" COUNTER1="0" COUNTER1_UP="0" COUNTER1_DOWN="0" COUNTER2="0" COUNTER2_UP="0" COUNTER2_DOWN="0" COUNTER3="0" COUNTER3_UP="0" COUNTER3_DOWN="0" LAST_COMMUNICATION_DATE="2009-01-20" LAST_DATA_COMUNICATION="2009-01-20" LAST_OUT_SMS_COMUNICATION="2009-01-20" LAST_OUT_VOICE_COMUNICATION="2009-01-20" LAST_OUT_ROAMING_COMUNICATION="2009-01-20" LAST_IN_ROAMING_COMUNICATION="2009-01-20" IS_PA_ON_ACTIVE_OFFER="0" UPDATE_FROM="2008-01-01" />
    <MEDINA_ZONNING_PLAN ID="7001" OFFER_CODE="7OFFER7" ZONE_ID="7ZONE7" PLMN_CODE="20820" CDR_TYPE="ALL" DIRECTION="ALL" ZONE_TYPE="0"/>
    <MEDINA_NUMBERING_PLAN ID="7001" PHONE_PREFIX="0" PHONE_NUMBER="123456" PHONE_NUMBER_REGEXP="0" OFFER_CODE="7OFFER7" ZONE_ID="ZONE_FOR_INCOMING_TICKET_7OFFER7" CDR_TYPE="VOICE" IS_OUTGOING="0" />
    <!-- Use simcard for those PAs for super on net testing -->
    <RM_SIMCARD ID="7001" DISABLED="0" CREATED="2009-01-01" CREATOR_ID="1" ACCESS_POINT_ID="7001" PARTY_ID="2" ICCID="789" />
    
    <!-- Test 261 type of offer_group don't need uniqueness check for partial tickets -->
    <RM_OFFER ID="6001" DISABLED="0" CREATED="2009-01-01" CODE="6OFFER6" CREATOR_ID="1" />
    <RM_ACCESS_POINT ID="6001" DISABLED="0" CREATED="2009-01-01" CREATOR_ID="1" OLD_PROVISIONING="0" LAST_PLMN="20820" OFFER_INSTANCE_ID="6001" ACTIVATION_DATE="2009-03-01" OFFER_GROUP_ID="261" BILLING_STATUS="ACTIVATED" BILLING_STATUS_CHANGE_DATE="2009-03-01" PREVIOUS_OFFER_GROUP_ID="12345" PREVIOUS_OFFER_GROUP_UPDATE="2009-02-01"/>
    <RM_LINE ID="6001" DISABLED="0" CREATED="2009-01-01" MSISDN_PREVIOUS="666666" MSISDN="666666" MSISDN2="0" IMSI="666666" ACCESS_POINT_ID="6001" CREATOR_ID="1" STATUS="ALLOCATED"/>
    <MEDINA_USAGE_COUNTER ID="6001" PARTITION_ID="1" ACCESS_POINT_ID="6001" COUNTER1="0" COUNTER1_UP="0" COUNTER1_DOWN="0" COUNTER2="0" COUNTER2_UP="0" COUNTER2_DOWN="0" COUNTER3="0" COUNTER3_UP="0" COUNTER3_DOWN="0" LAST_COMMUNICATION_DATE="2009-01-20" LAST_DATA_COMUNICATION="2009-01-20" LAST_OUT_SMS_COMUNICATION="2009-01-20" LAST_OUT_VOICE_COMUNICATION="2009-01-20" LAST_OUT_ROAMING_COMUNICATION="2009-01-20" LAST_IN_ROAMING_COMUNICATION="2009-01-20" IS_PA_ON_ACTIVE_OFFER="0" UPDATE_FROM="2008-01-01" />
    <MEDINA_ZONNING_PLAN ID="6001" OFFER_CODE="6OFFER6" ZONE_ID="6ZONE6" PLMN_CODE="20820" CDR_TYPE="ALL" DIRECTION="ALL" ZONE_TYPE="0"/>
    <!-- Use simcard for those PAs for super on net testing -->
    <RM_SIMCARD ID="6001" DISABLED="0" CREATED="2009-01-01" CREATOR_ID="1" ACCESS_POINT_ID="6001" PARTY_ID="1" ICCID="123" />
    
    <!-- Test update of last communication for specific data and ticket types -->
    <RM_OFFER ID="5001" DISABLED="0" CREATED="2009-01-01" CODE="5OFFER5" CREATOR_ID="1" />
    <RM_ACCESS_POINT ID="5001" DISABLED="0" CREATED="2009-01-01" CREATOR_ID="1" OLD_PROVISIONING="0" LAST_PLMN="20820" OFFER_INSTANCE_ID="5001" ACTIVATION_DATE="2009-03-01" OFFER_GROUP_ID="1" BILLING_STATUS="ACTIVATED" BILLING_STATUS_CHANGE_DATE="2009-03-01" PREVIOUS_OFFER_GROUP_ID="12345" PREVIOUS_OFFER_GROUP_UPDATE="2009-01-01"/>
    <RM_LINE ID="5001" DISABLED="0" CREATED="2009-01-01" MSISDN_PREVIOUS="55555" MSISDN="55555" MSISDN2="0" IMSI="55555" ACCESS_POINT_ID="5001" CREATOR_ID="1" STATUS="ALLOCATED"/>
    <MEDINA_USAGE_COUNTER ID="5001" PARTITION_ID="1" ACCESS_POINT_ID="5001" COUNTER1="0" COUNTER1_UP="0" COUNTER1_DOWN="0" COUNTER2="0" COUNTER2_UP="0" COUNTER2_DOWN="0" COUNTER3="0" COUNTER3_UP="0" COUNTER3_DOWN="0" LAST_COMMUNICATION_DATE="2009-01-20" LAST_DATA_COMUNICATION="2009-01-20" LAST_OUT_SMS_COMUNICATION="2009-01-20" LAST_OUT_VOICE_COMUNICATION="2009-01-20" LAST_OUT_ROAMING_COMUNICATION="2009-01-20" LAST_IN_ROAMING_COMUNICATION="2009-01-20" IS_PA_ON_ACTIVE_OFFER="0" UPDATE_FROM="2008-01-01" />
    <MEDINA_ZONNING_PLAN ID="5001" OFFER_CODE="5OFFER5" ZONE_ID="5ZONE5" PLMN_CODE="20820" CDR_TYPE="ALL" DIRECTION="ALL" ZONE_TYPE="0"/>
    <!-- Use simcard for those PAs for super on net testing -->
    <RM_SIMCARD ID="5001" DISABLED="0" CREATED="2009-01-01" CREATOR_ID="1" ACCESS_POINT_ID="5001" PARTY_ID="1" ICCID="456" />
    
    <RM_OFFER ID="2" DISABLED="0" CREATED="2009-01-01" CODE="2222" CREATOR_ID="1" />
    <RM_OFFER ID="6" DISABLED="0" CREATED="2009-01-01" CODE="3333" CREATOR_ID="1" />
    <RM_OFFER ID="44" DISABLED="0" CREATED="2009-01-01" CODE="9999" CREATOR_ID="1" />
    <RM_ACCESS_POINT ID="1" DISABLED="0" CREATED="2009-01-01" CREATOR_ID="1" OLD_PROVISIONING="0" LAST_PLMN="20820" OFFER_INSTANCE_ID="1" ACTIVATION_DATE="2009-03-01" OFFER_GROUP_ID="1" BILLING_STATUS="ACTIVATED" BILLING_STATUS_CHANGE_DATE="2009-03-01" PREVIOUS_OFFER_GROUP_ID="12345" PREVIOUS_OFFER_GROUP_UPDATE="2009-02-01"/>
    <RM_ACCESS_POINT ID="2" DISABLED="0" CREATED="2009-01-01" CREATOR_ID="1" OLD_PROVISIONING="0" LAST_PLMN="20821" OFFER_INSTANCE_ID="2" ACTIVATION_DATE="2009-03-01" OFFER_GROUP_ID="1" BILLING_STATUS="ACTIVATED" BILLING_STATUS_CHANGE_DATE="2009-03-01" PREVIOUS_OFFER_GROUP_ID="12345" PREVIOUS_OFFER_GROUP_UPDATE="2009-02-01"/>
    <RM_ACCESS_POINT ID="6" DISABLED="0" CREATED="2009-01-01" CREATOR_ID="1" OLD_PROVISIONING="0" OFFER_INSTANCE_ID="6" ACTIVATION_DATE="2009-03-01" OFFER_GROUP_ID="1"/>
    <RM_ACCESS_POINT ID="44" DISABLED="0" CREATED="2009-01-01" CREATOR_ID="1" OLD_PROVISIONING="0" LAST_PLMN="20821" OFFER_INSTANCE_ID="44" ACTIVATION_DATE="2009-03-01" OFFER_GROUP_ID="1" BILLING_STATUS="ACTIVATED" BILLING_STATUS_CHANGE_DATE="2009-03-01" PREVIOUS_OFFER_GROUP_ID="12345" PREVIOUS_OFFER_GROUP_UPDATE="2009-02-01"/>
    <RM_SIMCARD ID="1" DISABLED="0" CREATED="2009-01-01" CREATOR_ID="1" ACCESS_POINT_ID="1" PARTY_ID="2" ICCID="789" />
    <RM_SIMCARD ID="2" DISABLED="0" CREATED="2009-01-01" CREATOR_ID="1" ACCESS_POINT_ID="2" PARTY_ID="2" ICCID="789" />
    <RM_SIMCARD ID="6" DISABLED="0" CREATED="2009-01-01" CREATOR_ID="1" ACCESS_POINT_ID="6" PARTY_ID="2" ICCID="789" />
    <RM_SIMCARD ID="44" DISABLED="0" CREATED="2009-01-01" CREATOR_ID="1" ACCESS_POINT_ID="44" PARTY_ID="2" ICCID="789" />
    <MEDINA_USAGE_COUNTER ID="111" PARTITION_ID="4" ACCESS_POINT_ID="1" COUNTER1="555" COUNTER2="666" COUNTER3="777" COUNTER1_UP="0" COUNTER1_DOWN="0" COUNTER2_UP="0" COUNTER2_DOWN="0" COUNTER3_UP="0" COUNTER3_DOWN="0" LAST_COMMUNICATION_DATE="2009-01-20" IS_PA_ON_ACTIVE_OFFER="0" UPDATE_FROM="2008-01-01"/>    
    <MEDINA_USAGE_COUNTER ID="112" PARTITION_ID="4" ACCESS_POINT_ID="2" COUNTER1="555" COUNTER2="666" COUNTER3="777" COUNTER1_UP="0" COUNTER1_DOWN="0" COUNTER2_UP="0" COUNTER2_DOWN="0" COUNTER3_UP="0" LAST_COMMUNICATION_DATE="2009-01-20" IS_PA_ON_ACTIVE_OFFER="0" UPDATE_FROM="2008-01-01" />    
    <MEDINA_USAGE_COUNTER ID="113" PARTITION_ID="4" ACCESS_POINT_ID="6" COUNTER1="555" COUNTER2="666" COUNTER3="777" COUNTER1_UP="0" COUNTER1_DOWN="0" COUNTER2_UP="0" COUNTER2_DOWN="0" COUNTER3_UP="0" LAST_COMMUNICATION_DATE="2009-01-20" IS_PA_ON_ACTIVE_OFFER="0" UPDATE_FROM="2008-01-01" />    
    <MEDINA_USAGE_COUNTER ID="44" PARTITION_ID="4" ACCESS_POINT_ID="44" COUNTER1="555" COUNTER2="666" COUNTER3="777" COUNTER1_UP="0" COUNTER1_DOWN="0" COUNTER2_UP="0" COUNTER2_DOWN="0" COUNTER3_UP="0" LAST_COMMUNICATION_DATE="2009-01-20" IS_PA_ON_ACTIVE_OFFER="0" UPDATE_FROM="2008-01-01" />    
    <RM_LINE ID="1" DISABLED="0" CREATED="2009-01-01" MSISDN_PREVIOUS="0" MSISDN="0" IMSI="1111" MSISDN2="0" ACCESS_POINT_ID="1" CREATOR_ID="1" STATUS="ALLOCATED"/>
    <RM_LINE ID="2" DISABLED="0" CREATED="2009-01-01" MSISDN_PREVIOUS="1" MSISDN="1111" IMSI="0" MSISDN2="911" ACCESS_POINT_ID="2" CREATOR_ID="1" STATUS="ALLOCATED"/>
    <RM_LINE ID="3" DISABLED="0" CREATED="2009-01-01" MSISDN_PREVIOUS="2" MSISDN="0" IMSI="2222" ACCESS_POINT_ID="6" CREATOR_ID="1" STATUS="RESERVED"/>
    <RM_LINE ID="44" DISABLED="0" CREATED="2009-01-01" MSISDN_PREVIOUS="3333" MSISDN="1" IMSI="1" ACCESS_POINT_ID="44" CREATOR_ID="1" STATUS="ALLOCATED"/>

    <!-- Used for counter testing -->
    <RM_ACCESS_POINT ID="3" DISABLED="0" CREATED="2009-01-01" CREATOR_ID="1" OLD_PROVISIONING="0" ACTIVATION_DATE="2009-03-01"/>
    <RM_ACCESS_POINT ID="4" DISABLED="0" CREATED="2009-01-01" CREATOR_ID="1" OLD_PROVISIONING="0" ACTIVATION_DATE="2009-03-01"/>
    <RM_ACCESS_POINT ID="5" DISABLED="0" CREATED="2009-01-01" CREATOR_ID="1" OLD_PROVISIONING="0" ACTIVATION_DATE="2009-03-01"/>
    <RM_ACCESS_POINT ID="8" DISABLED="0" CREATED="2009-01-01" CREATOR_ID="1" OLD_PROVISIONING="0" ACTIVATION_DATE="2009-03-01"/>
    <RM_ALARM_INSTANCE ID="1" PARTITION_ID="8" DISABLED="0" CREATED="2009-01-01" ACCESS_POINT_ID="8" ALARM_TYPE="OVER_CONSUMPTION_VOLUME" CCV1="0" CCV1_UP="0" CCV1_DOWN="0" CCV2="0" CCV2_UP="0" CCV2_DOWN="0" CCV3="0" CCV3_UP="0" CCV3_DOWN="0" ALARM_ID="1000" />
    <MEDINA_USAGE_COUNTER ID="114" PARTITION_ID="4" ACCESS_POINT_ID="4" COUNTER1="555" COUNTER2="666" COUNTER3="777" COUNTER1_UP="0" COUNTER1_DOWN="0" COUNTER2_UP="0" COUNTER2_DOWN="0" COUNTER3_UP="0" LAST_COMMUNICATION_DATE="2009-01-20" IS_PA_ON_ACTIVE_OFFER="0" UPDATE_FROM="2008-01-01" />    
    <MEDINA_USAGE_COUNTER ID="115" PARTITION_ID="4" ACCESS_POINT_ID="3" COUNTER1="555" COUNTER2="666" COUNTER3="777" COUNTER1_UP="0" COUNTER1_DOWN="0" COUNTER2_UP="0" COUNTER2_DOWN="0" COUNTER3_UP="0" LAST_COMMUNICATION_DATE="2009-01-20" IS_PA_ON_ACTIVE_OFFER="0" UPDATE_FROM="2008-01-01" />    
    <MEDINA_USAGE_COUNTER ID="116" PARTITION_ID="4" ACCESS_POINT_ID="5" COUNTER1="555" COUNTER2="666" COUNTER3="777" COUNTER1_UP="0" COUNTER1_DOWN="0" COUNTER2_UP="0" COUNTER2_DOWN="0" COUNTER3_UP="0" LAST_COMMUNICATION_DATE="2009-01-20" IS_PA_ON_ACTIVE_OFFER="0" UPDATE_FROM="2008-01-01" />    
    <MEDINA_USAGE_COUNTER ID="117" PARTITION_ID="4" ACCESS_POINT_ID="8" COUNTER1="555" COUNTER2="666" COUNTER3="777" COUNTER1_UP="0" COUNTER1_DOWN="0" COUNTER2_UP="0" COUNTER2_DOWN="0" COUNTER3_UP="0" LAST_COMMUNICATION_DATE="2009-01-20" IS_PA_ON_ACTIVE_OFFER="0" UPDATE_FROM="2008-01-01" />    
    
     <!-- Used for last ticket date update -->
    <RM_ACCESS_POINT ID="7" DISABLED="0" CREATED="2009-01-01" CREATOR_ID="1" OLD_PROVISIONING="0" LAST_COMMUNICATION_DATE="2009-01-01" ACTIVATION_DATE="2009-03-01"/>
    <MEDINA_USAGE_COUNTER ID="118" PARTITION_ID="4" ACCESS_POINT_ID="7" COUNTER1="555" COUNTER2="666" COUNTER3="777" COUNTER1_UP="0" COUNTER1_DOWN="0" COUNTER2_UP="0" COUNTER2_DOWN="0" COUNTER3_UP="0" LAST_COMMUNICATION_DATE="2009-01-20" IS_PA_ON_ACTIVE_OFFER="0" UPDATE_FROM="2008-01-01" />    
    
    <!-- Used for zoning testing -->
    <MEDINA_ZONNING_PLAN ID="1" OFFER_CODE="OFFER1" ZONE_ID="DEST1" PLMN_CODE="ZONE1" CDR_TYPE="ALL" DIRECTION="ALL" ZONE_TYPE="0"/>
    
    <!-- Used for CDRProcessor testing -->
    <RM_OFFER ID="1001" DISABLED="0" CREATED="2009-01-01" CODE="OFFER1" CREATOR_ID="1" />    
    <RM_OFFER ID="1002" DISABLED="0" CREATED="2009-01-01" CODE="OFFER2" CREATOR_ID="1" />    
    <RM_OFFER ID="1003" DISABLED="0" CREATED="2009-01-01" CODE="OFFER3" CREATOR_ID="1" />    
    <RM_OFFER ID="1004" DISABLED="0" CREATED="2009-01-01" CODE="OFFER4" CREATOR_ID="1" />    
    <RM_OFFER ID="1005" DISABLED="0" CREATED="2009-01-01" CODE="OFFER5" CREATOR_ID="1" />    
    <RM_OFFER ID="1006" DISABLED="0" CREATED="2009-01-01" CODE="OFFER1" CREATOR_ID="1" />    
    <RM_OFFER ID="1007" DISABLED="0" CREATED="2009-01-01" CODE="OFFER2" CREATOR_ID="1" />    
    <RM_OFFER ID="1008" DISABLED="0" CREATED="2009-01-01" CODE="OFFER3" CREATOR_ID="1" />    
    <RM_OFFER ID="1009" DISABLED="0" CREATED="2009-01-01" CODE="PROV_OFFER" CREATOR_ID="1" />    

    <RM_ACCESS_POINT ID="1001" DISABLED="0" CREATED="2009-01-01" CREATOR_ID="1" OLD_PROVISIONING="0" LAST_PLMN="20820" OFFER_INSTANCE_ID="1001" ACTIVATION_DATE="2009-03-01" OFFER_GROUP_ID="1" BILLING_STATUS="ACTIVATED" BILLING_STATUS_CHANGE_DATE="2009-03-01"/>
    <RM_ACCESS_POINT ID="1002" DISABLED="0" CREATED="2009-01-01" CREATOR_ID="1" OLD_PROVISIONING="0" LAST_PLMN="20820" OFFER_INSTANCE_ID="1002" ACTIVATION_DATE="2009-03-01" OFFER_GROUP_ID="1" BILLING_STATUS="ACTIVATED" BILLING_STATUS_CHANGE_DATE="2009-03-01"/>
    <RM_ACCESS_POINT ID="1003" DISABLED="0" CREATED="2009-01-01" CREATOR_ID="1" OLD_PROVISIONING="0" LAST_PLMN="20820" OFFER_INSTANCE_ID="1003" ACTIVATION_DATE="2009-03-01" OFFER_GROUP_ID="1" BILLING_STATUS="ACTIVATED" BILLING_STATUS_CHANGE_DATE="2009-03-01"/>
    <RM_ACCESS_POINT ID="1004" DISABLED="0" CREATED="2009-01-01" CREATOR_ID="1" OLD_PROVISIONING="0" LAST_PLMN="20820" OFFER_INSTANCE_ID="1004" ACTIVATION_DATE="2009-03-01" OFFER_GROUP_ID="1" BILLING_STATUS="ACTIVATED" BILLING_STATUS_CHANGE_DATE="2009-03-01"/>
    <RM_ACCESS_POINT ID="1005" DISABLED="0" CREATED="2009-01-01" CREATOR_ID="1" OLD_PROVISIONING="0" LAST_PLMN="20820" OFFER_INSTANCE_ID="1005" ACTIVATION_DATE="2009-03-01" OFFER_GROUP_ID="1" BILLING_STATUS="ACTIVATED" BILLING_STATUS_CHANGE_DATE="2009-03-01"/>
    <RM_ACCESS_POINT ID="1006" DISABLED="0" CREATED="2009-01-01" CREATOR_ID="1" OLD_PROVISIONING="0" LAST_PLMN="20820" OFFER_INSTANCE_ID="1006" ACTIVATION_DATE="2009-03-01" OFFER_GROUP_ID="1" BILLING_STATUS="ACTIVATED" BILLING_STATUS_CHANGE_DATE="2009-03-01"/>
    <RM_ACCESS_POINT ID="1007" DISABLED="0" CREATED="2009-01-01" CREATOR_ID="1" OLD_PROVISIONING="0" LAST_PLMN="20820" OFFER_INSTANCE_ID="1007" ACTIVATION_DATE="2009-03-01" OFFER_GROUP_ID="1" BILLING_STATUS="ACTIVATED" BILLING_STATUS_CHANGE_DATE="2009-03-01"/>
    <RM_ACCESS_POINT ID="1008" DISABLED="0" CREATED="2009-01-01" CREATOR_ID="1" OLD_PROVISIONING="0" LAST_PLMN="20820" OFFER_INSTANCE_ID="1008" ACTIVATION_DATE="2009-03-01" OFFER_GROUP_ID="1" BILLING_STATUS="ACTIVATED" BILLING_STATUS_CHANGE_DATE="2009-03-01"/>
    <RM_ACCESS_POINT ID="1009" DISABLED="0" CREATED="2009-01-01" CREATOR_ID="1" OLD_PROVISIONING="0" LAST_PLMN="20821" OFFER_INSTANCE_ID="1009" ACTIVATION_DATE="2009-03-01" OFFER_GROUP_ID="1" BILLING_STATUS="ACTIVATED" BILLING_STATUS_CHANGE_DATE="2009-03-01"/>
    
    <RM_SIMCARD ID="1001" DISABLED="0" CREATED="2009-01-01" CREATOR_ID="1" ACCESS_POINT_ID="1001" PARTY_ID="2" ICCID="789" />
    <RM_SIMCARD ID="1002" DISABLED="0" CREATED="2009-01-01" CREATOR_ID="1" ACCESS_POINT_ID="1002" PARTY_ID="2" ICCID="789" />
    <RM_SIMCARD ID="1003" DISABLED="0" CREATED="2009-01-01" CREATOR_ID="1" ACCESS_POINT_ID="1003" PARTY_ID="2" ICCID="789" />
    <RM_SIMCARD ID="1004" DISABLED="0" CREATED="2009-01-01" CREATOR_ID="1" ACCESS_POINT_ID="1004" PARTY_ID="2" ICCID="789" />
    <RM_SIMCARD ID="1005" DISABLED="0" CREATED="2009-01-01" CREATOR_ID="1" ACCESS_POINT_ID="1005" PARTY_ID="2" ICCID="789" />
    <RM_SIMCARD ID="1006" DISABLED="0" CREATED="2009-01-01" CREATOR_ID="1" ACCESS_POINT_ID="1006" PARTY_ID="2" ICCID="789" />
    <RM_SIMCARD ID="1007" DISABLED="0" CREATED="2009-01-01" CREATOR_ID="1" ACCESS_POINT_ID="1007" PARTY_ID="2" ICCID="789" />
    <RM_SIMCARD ID="1008" DISABLED="0" CREATED="2009-01-01" CREATOR_ID="1" ACCESS_POINT_ID="1008" PARTY_ID="2" ICCID="789" />
    <RM_SIMCARD ID="1009" DISABLED="0" CREATED="2009-01-01" CREATOR_ID="1" ACCESS_POINT_ID="1009" PARTY_ID="2" ICCID="789" />
    
    <RM_LINE ID="1001" DISABLED="0" CREATED="2009-01-01" MSISDN="0" IMSI="100001" ACCESS_POINT_ID="1001" CREATOR_ID="1" STATUS="ALLOCATED"/>
    <RM_LINE ID="1002" DISABLED="0" CREATED="2009-01-01" MSISDN="0" IMSI="100002" ACCESS_POINT_ID="1002" CREATOR_ID="1" STATUS="ALLOCATED"/>
    <RM_LINE ID="1003" DISABLED="0" CREATED="2009-01-01" MSISDN="0" IMSI="100003" ACCESS_POINT_ID="1003" CREATOR_ID="1" STATUS="ALLOCATED"/>
    <RM_LINE ID="1004" DISABLED="0" CREATED="2009-01-01" MSISDN="100004" IMSI="100004" ACCESS_POINT_ID="1004" CREATOR_ID="1" STATUS="ALLOCATED"/>
    <RM_LINE ID="1005" DISABLED="0" CREATED="2009-01-01" MSISDN="0" IMSI="100005" ACCESS_POINT_ID="1005" CREATOR_ID="1" STATUS="ALLOCATED"/>
    <RM_LINE ID="1006" DISABLED="0" CREATED="2009-01-01" MSISDN="100006" IMSI="100006" ACCESS_POINT_ID="1006" CREATOR_ID="1" STATUS="ALLOCATED"/>
    <RM_LINE ID="1007" DISABLED="0" CREATED="2009-01-01" MSISDN="0" IMSI="100007" ACCESS_POINT_ID="1007" CREATOR_ID="1" STATUS="ALLOCATED"/>
    <RM_LINE ID="1008" DISABLED="0" CREATED="2009-01-01" MSISDN="100008" IMSI="100008" ACCESS_POINT_ID="1008" CREATOR_ID="1" STATUS="ALLOCATED"/>
    <RM_LINE ID="1009" DISABLED="0" CREATED="2009-01-01" MSISDN="100009" IMSI="100009" ACCESS_POINT_ID="1009" CREATOR_ID="1" STATUS="ALLOCATED"/>
    
    <MEDINA_ZONNING_PLAN ID="1001" OFFER_CODE="OFFER1" ZONE_ID="DEST1" PLMN_CODE="20820" CDR_TYPE="ALL" DIRECTION="ALL" ZONE_TYPE="0"/>
    <MEDINA_ZONNING_PLAN ID="1002" OFFER_CODE="OFFER2" ZONE_ID="DEST2" PLMN_CODE="20820" CDR_TYPE="ALL" DIRECTION="ALL" ZONE_TYPE="0"/>
    <MEDINA_ZONNING_PLAN ID="1003" OFFER_CODE="OFFER3" ZONE_ID="DEST3" PLMN_CODE="20820" CDR_TYPE="ALL" DIRECTION="ALL" ZONE_TYPE="0"/>
    <MEDINA_ZONNING_PLAN ID="1004" OFFER_CODE="OFFER4" ZONE_ID="DEST4" PLMN_CODE="20820" CDR_TYPE="ALL" DIRECTION="ALL" ZONE_TYPE="0"/>
    <MEDINA_ZONNING_PLAN ID="1005" OFFER_CODE="OFFER5" ZONE_ID="DEST5" PLMN_CODE="20820" CDR_TYPE="ALL" DIRECTION="ALL" ZONE_TYPE="0"/>
    <MEDINA_ZONNING_PLAN ID="1006" OFFER_CODE="PROV_OFFER" ZONE_ID="OUT_ZONE" CDR_TYPE="ALL" DIRECTION="ALL" ZONE_TYPE="0"/>
    
    <MEDINA_USAGE_COUNTER ID="1001" PARTITION_ID="1" ACCESS_POINT_ID="1001" COUNTER1="0" COUNTER2="0" COUNTER3="0" COUNTER1_UP="0" COUNTER1_DOWN="0" COUNTER2_UP="0" COUNTER2_DOWN="0" COUNTER3_UP="0" IS_PA_ON_ACTIVE_OFFER="0" UPDATE_FROM="3000-01-01" />
    <MEDINA_USAGE_COUNTER ID="1002" PARTITION_ID="2" ACCESS_POINT_ID="1002" COUNTER1="0" COUNTER2="0" COUNTER3="0" COUNTER1_UP="0" COUNTER1_DOWN="0" COUNTER2_UP="0" COUNTER2_DOWN="0" COUNTER3_UP="0" IS_PA_ON_ACTIVE_OFFER="0" />
    <MEDINA_USAGE_COUNTER ID="1003" PARTITION_ID="3" ACCESS_POINT_ID="1003" COUNTER1="0" COUNTER2="0" COUNTER3="0" COUNTER1_UP="0" COUNTER1_DOWN="0" COUNTER2_UP="0" COUNTER2_DOWN="0" COUNTER3_UP="0" IS_PA_ON_ACTIVE_OFFER="0" />
    <MEDINA_USAGE_COUNTER ID="1004" PARTITION_ID="4" ACCESS_POINT_ID="1004" COUNTER1="0" COUNTER2="0" COUNTER3="0" COUNTER1_UP="0" COUNTER1_DOWN="0" COUNTER2_UP="0" COUNTER2_DOWN="0" COUNTER3_UP="0" IS_PA_ON_ACTIVE_OFFER="0" />
    <MEDINA_USAGE_COUNTER ID="1005" PARTITION_ID="5" ACCESS_POINT_ID="1005" COUNTER1="0" COUNTER2="0" COUNTER3="0" COUNTER1_UP="0" COUNTER1_DOWN="0" COUNTER2_UP="0" COUNTER2_DOWN="0" COUNTER3_UP="0" IS_PA_ON_ACTIVE_OFFER="0" />
    <MEDINA_USAGE_COUNTER ID="1006" PARTITION_ID="6" ACCESS_POINT_ID="1006" COUNTER1="0" COUNTER2="0" COUNTER3="0" COUNTER1_UP="0" COUNTER1_DOWN="0" COUNTER2_UP="0" COUNTER2_DOWN="0" COUNTER3_UP="0" IS_PA_ON_ACTIVE_OFFER="0" />
    <MEDINA_USAGE_COUNTER ID="1007" PARTITION_ID="7" ACCESS_POINT_ID="1007" COUNTER1="0" COUNTER2="0" COUNTER3="0" COUNTER1_UP="0" COUNTER1_DOWN="0" COUNTER2_UP="0" COUNTER2_DOWN="0" COUNTER3_UP="0" IS_PA_ON_ACTIVE_OFFER="0" />
    <MEDINA_USAGE_COUNTER ID="1008" PARTITION_ID="8" ACCESS_POINT_ID="1008" COUNTER1="0" COUNTER2="0" COUNTER3="0" COUNTER1_UP="0" COUNTER1_DOWN="0" COUNTER2_UP="0" COUNTER2_DOWN="0" COUNTER3_UP="0" IS_PA_ON_ACTIVE_OFFER="0" />
    <MEDINA_USAGE_COUNTER ID="1009" PARTITION_ID="8" ACCESS_POINT_ID="1009" COUNTER1="0" COUNTER2="0" COUNTER3="0" COUNTER1_UP="0" COUNTER1_DOWN="0" COUNTER2_UP="0" COUNTER2_DOWN="0" COUNTER3_UP="0" IS_PA_ON_ACTIVE_OFFER="0" />
    
    <RM_ALARM_INSTANCE ID="1001" PARTITION_ID="1" DISABLED="0" CREATED="2009-01-01" ACCESS_POINT_ID="1001" ALARM_TYPE="UNDER_CONSUMPTION_VOLUME" CCV1="0" CCV1_UP="0" CCV1_DOWN="0" CCV2="0" CCV2_UP="0" CCV2_DOWN="0" CCV3="0" CCV3_UP="0" CCV3_DOWN="0" ALARM_ID="1000"/>
    <RM_ALARM_INSTANCE ID="1002" PARTITION_ID="2" DISABLED="0" CREATED="2009-01-01" ACCESS_POINT_ID="1002" ALARM_TYPE="OVER_CONSUMPTION_VOLUME_ROUNDED" CCV1="0" CCV1_UP="0" CCV1_DOWN="0" CCV2="0" CCV2_UP="0" CCV2_DOWN="0" CCV3="0" CCV3_UP="0" CCV3_DOWN="0" ALARM_ID="1000"/>
    <RM_ALARM_INSTANCE ID="1003" PARTITION_ID="3" DISABLED="0" CREATED="2009-01-01" ACCESS_POINT_ID="1003" ALARM_TYPE="OVER_CONSUMPTION_VOLUME" CCV1="0" CCV1_UP="0" CCV1_DOWN="0" CCV2="0" CCV2_UP="0" CCV2_DOWN="0" CCV3="0" CCV3_UP="0" CCV3_DOWN="0" ALARM_ID="1000"/>
    <RM_ALARM_INSTANCE ID="1004" PARTITION_ID="4" DISABLED="0" CREATED="2009-01-01" ACCESS_POINT_ID="1004" ALARM_TYPE="OVER_CONSUMPTION_VOLUME" CCV1="0" CCV1_UP="0" CCV1_DOWN="0" CCV2="0" CCV2_UP="0" CCV2_DOWN="0" CCV3="0" CCV3_UP="0" CCV3_DOWN="0" ALARM_ID="1000"/>
    <RM_ALARM_INSTANCE ID="1005" PARTITION_ID="5" DISABLED="0" CREATED="2009-01-01" ACCESS_POINT_ID="1005" ALARM_TYPE="OVER_CONSUMPTION_VOLUME" CCV1="0" CCV1_UP="0" CCV1_DOWN="0" CCV2="0" CCV2_UP="0" CCV2_DOWN="0" CCV3="0" CCV3_UP="0" CCV3_DOWN="0" ALARM_ID="1000"/>
    <RM_ALARM_INSTANCE ID="1006" PARTITION_ID="6" DISABLED="0" CREATED="2009-01-01" ACCESS_POINT_ID="1006" ALARM_TYPE="OVER_CONSUMPTION_VOLUME" CCV1="0" CCV1_UP="0" CCV1_DOWN="0" CCV2="0" CCV2_UP="0" CCV2_DOWN="0" CCV3="0" CCV3_UP="0" CCV3_DOWN="0" ALARM_ID="1000"/>
    <RM_ALARM_INSTANCE ID="1007" PARTITION_ID="7" DISABLED="0" CREATED="2009-01-01" ACCESS_POINT_ID="1007" ALARM_TYPE="OVER_CONSUMPTION_VOLUME" CCV1="0" CCV1_UP="0" CCV1_DOWN="0" CCV2="0" CCV2_UP="0" CCV2_DOWN="0" CCV3="0" CCV3_UP="0" CCV3_DOWN="0" ALARM_ID="1000"/>
    <RM_ALARM_INSTANCE ID="1008" PARTITION_ID="8" DISABLED="0" CREATED="2009-01-01" ACCESS_POINT_ID="1008" ALARM_TYPE="OVER_CONSUMPTION_VOLUME" CCV1="0" CCV1_UP="0" CCV1_DOWN="0" CCV2="0" CCV2_UP="0" CCV2_DOWN="0" CCV3="0" CCV3_UP="0" CCV3_DOWN="0" ALARM_ID="1000"/>

	<!-- Used for provisioning testing -->
	<CRM_OFFER_GROUP ID="2001" CUSTOMER_ACCOUNT_ID="1" OFFER_INSTANCE_ID="1" DISABLED="0" CREATED="2009-01-01" CREATOR_ID="1" />
	<CRM_OFFER_GROUP ID="2002" CUSTOMER_ACCOUNT_ID="1" OFFER_INSTANCE_ID="1" DISABLED="0" CREATED="2009-01-01" CREATOR_ID="1" />
	<CRM_OFFER_GROUP ID="2003" CUSTOMER_ACCOUNT_ID="1" OFFER_INSTANCE_ID="1" DISABLED="0" CREATED="2009-01-01" CREATOR_ID="1" />
	<CRM_OFFER_GROUP ID="2004" CUSTOMER_ACCOUNT_ID="1" OFFER_INSTANCE_ID="1" DISABLED="0" CREATED="2009-01-01" CREATOR_ID="1" />
	
    <RM_OFFER ID="2001" DISABLED="0" CREATED="2009-01-01" CODE="PROV_OFFER_CODE" CREATOR_ID="1" />  
    <RM_OFFER ID="2002" DISABLED="0" CREATED="2009-01-01" CODE="PREPAID_PGO" CREATOR_ID="1" />  

    <RM_ACCESS_POINT ID="2001" DISABLED="0" CREATED="2009-01-01" CREATOR_ID="1" OLD_PROVISIONING="0" OFFER_INSTANCE_ID="2001" ACTIVATION_DATE="2009-01-01" OFFER_GROUP_ID="1" PREVIOUS_OFFER_GROUP_ID="3" PREVIOUS_OFFER_GROUP_UPDATE="2009-02-01"/>
    <RM_ACCESS_POINT ID="2002" DISABLED="0" CREATED="2009-01-01" CREATOR_ID="1" OLD_PROVISIONING="0" OFFER_INSTANCE_ID="2001" ACTIVATION_DATE="2009-01-01" OFFER_GROUP_ID="1" PREVIOUS_OFFER_GROUP_ID="3" PREVIOUS_OFFER_GROUP_UPDATE="2009-02-01"/>
	<RM_ACCESS_POINT ID="2003" DISABLED="0" CREATED="2009-01-01" CREATOR_ID="1" OLD_PROVISIONING="0" LAST_PLMN="20821" OFFER_INSTANCE_ID="2001" ACTIVATION_DATE="2009-03-01" OFFER_GROUP_ID="1" BILLING_STATUS="TEST" BILLING_STATUS_CHANGE_DATE="2009-03-01"/>
	<RM_ACCESS_POINT ID="2004" DISABLED="0" CREATED="2009-01-01" CREATOR_ID="1" OLD_PROVISIONING="0" LAST_PLMN="20821" OFFER_INSTANCE_ID="2001" ACTIVATION_DATE="2009-03-01" OFFER_GROUP_ID="1" BILLING_STATUS="SUSPENDED" BILLING_STATUS_CHANGE_DATE="2009-03-01"/>
	<RM_ACCESS_POINT ID="2005" DISABLED="0" CREATED="2009-01-01" CREATOR_ID="1" OLD_PROVISIONING="0" LAST_PLMN="20821" OFFER_INSTANCE_ID="2001" ACTIVATION_DATE="2009-03-01" OFFER_GROUP_ID="1" BILLING_STATUS="CANCELED" BILLING_STATUS_CHANGE_DATE="2009-03-01"/>
	<RM_ACCESS_POINT ID="2006" DISABLED="0" CREATED="2009-01-01" CREATOR_ID="1" OLD_PROVISIONING="0" LAST_PLMN="20821" OFFER_INSTANCE_ID="2002" ACTIVATION_DATE="2009-03-01" OFFER_GROUP_ID="1" />

	<RM_SIMCARD ID="2001" DISABLED="0" CREATED="2009-01-01" CREATOR_ID="1" ACCESS_POINT_ID="2001" PARTY_ID="2" ICCID="789" />
	<RM_SIMCARD ID="2002" DISABLED="0" CREATED="2009-01-01" CREATOR_ID="1" ACCESS_POINT_ID="2002" PARTY_ID="2" ICCID="789" />
	<RM_SIMCARD ID="2003" DISABLED="0" CREATED="2009-01-01" CREATOR_ID="1" ACCESS_POINT_ID="2003" PARTY_ID="2" ICCID="789" />
	<RM_SIMCARD ID="2004" DISABLED="0" CREATED="2009-01-01" CREATOR_ID="1" ACCESS_POINT_ID="2004" PARTY_ID="2" ICCID="789" />
	<RM_SIMCARD ID="2005" DISABLED="0" CREATED="2009-01-01" CREATOR_ID="1" ACCESS_POINT_ID="2005" PARTY_ID="2" ICCID="789" />
	<RM_SIMCARD ID="2006" DISABLED="0" CREATED="2009-01-01" CREATOR_ID="1" ACCESS_POINT_ID="2006" PARTY_ID="2" ICCID="789" />
	
	<MEDINA_USAGE_COUNTER ID="2001" PARTITION_ID="1" ACCESS_POINT_ID="2001" COUNTER1="0" COUNTER2="0" COUNTER3="0" IS_PA_ON_ACTIVE_OFFER="0" />
    <MEDINA_USAGE_COUNTER ID="2002" PARTITION_ID="2" ACCESS_POINT_ID="2002" COUNTER1="0" COUNTER2="0" COUNTER3="0" IS_PA_ON_ACTIVE_OFFER="0" />
    <MEDINA_USAGE_COUNTER ID="2003" PARTITION_ID="3" ACCESS_POINT_ID="2003" COUNTER1="0" COUNTER2="0" COUNTER3="0" IS_PA_ON_ACTIVE_OFFER="0" />
    <MEDINA_USAGE_COUNTER ID="2004" PARTITION_ID="4" ACCESS_POINT_ID="2004" COUNTER1="0" COUNTER2="0" COUNTER3="0" IS_PA_ON_ACTIVE_OFFER="0" />
    <MEDINA_USAGE_COUNTER ID="2005" PARTITION_ID="5" ACCESS_POINT_ID="2005" COUNTER1="0" COUNTER2="0" COUNTER3="0" IS_PA_ON_ACTIVE_OFFER="0" />
    <MEDINA_USAGE_COUNTER ID="2006" PARTITION_ID="6" ACCESS_POINT_ID="2006" COUNTER1="0" COUNTER2="0" COUNTER3="0" IS_PA_ON_ACTIVE_OFFER="0" />

    <MEDINA_ZONNING_PLAN ID="2001" OFFER_CODE="PROV_OFFER_CODE" ZONE_ID="ZONE_ID_TYPE_SIMPLE" PLMN_CODE="20821" CDR_TYPE="ALL" DIRECTION="ALL" ZONE_TYPE="0"/>
    <MEDINA_ZONNING_PLAN ID="2002" OFFER_CODE="PROV_OFFER_CODE" ZONE_ID="ZONE_ID_TYPE_SIMPLE_NO_MATCHING" PLMN_CODE="20821" CDR_TYPE="ALL" DIRECTION="ALL" ZONE_TYPE="0"/>
    <MEDINA_ZONNING_PLAN ID="2003" OFFER_CODE="PROV_OFFER_CODE" ZONE_ID="ZONE_ID_TYPE_SHARED_BY_ZONE_WITH_MATCHING" PLMN_CODE="20821" CDR_TYPE="ALL" DIRECTION="ALL" ZONE_TYPE="1"/>
    <MEDINA_ZONNING_PLAN ID="2004" OFFER_CODE="PROV_OFFER_CODE" ZONE_ID="ZONE_ID_TYPE_SHARED_BY_ZONE_NO_MATCHING" PLMN_CODE="20821" CDR_TYPE="ALL" DIRECTION="ALL" ZONE_TYPE="1"/>
    <MEDINA_ZONNING_PLAN ID="2005" OFFER_CODE="PROV_OFFER_CODE_FOR_SUBSCRIPTION" ZONE_ID="ZONE_ID_TYPE_SHARED_BY_SUBSCRIPTION" PLMN_CODE="20821" CDR_TYPE="DATA" DIRECTION="ALL" ZONE_TYPE="2"/>
    <MEDINA_ZONNING_PLAN ID="2006" OFFER_CODE="PROV_OFFER_CODE_FOR_SUBSCRIPTION_NO_MATCHING" ZONE_ID="ZONE_ID_TYPE_SHARED_BY_SUBSCRIPTION_NO_MATCHING" PLMN_CODE="20821" CDR_TYPE="ALL" DIRECTION="ALL" ZONE_TYPE="2"/>
    <MEDINA_ZONNING_PLAN ID="2007" OFFER_CODE="ZONNING_PLAN_WITHOUT_ZONE_TYPE" ZONE_ID="ZONNING_PLAN_WITHOUT_ZONE_TYPE" CDR_TYPE="ALL" DIRECTION="ALL" PLMN_CODE="20821"/>
    <MEDINA_ZONNING_PLAN ID="2008" OFFER_CODE="PROV_OFFER_CODE" ZONE_ID="ZONNING_PLAN_NO_MATCHING" PLMN_CODE="20821" CDR_TYPE="ALL" DIRECTION="ALL" ZONE_TYPE="1"/>
    <MEDINA_ZONNING_PLAN ID="2009" OFFER_CODE="GOODKAP" ZONE_ID="ZONE_ID_TYPE_SHARED_BY_SUBSCRIPTION_NO_MATCHING" PLMN_CODE="20821" CDR_TYPE="ALL" DIRECTION="ALL" ZONE_TYPE="2"/>
    
    <PA_MATCHING_T ID="2001" PA_ID="2001" SUBS_CODE="2001" ZONE_ID="ZONE_ID_TYPE_SIMPLE" ACCES_USER_ID="123" ACCES_SERVICE_ID="321" START_DATE="2009-02-01" CHARGE_CODE="000000" />
	<PA_MATCHING_T ID="2002" PA_ID="9999" SUBS_CODE="2002" ZONE_ID="ZONE_ID_TYPE_SHARED_BY_ZONE_WITH_MATCHING" ACCES_USER_ID="000" ACCES_SERVICE_ID="000" START_DATE="2009-02-01" CHARGE_CODE="000001"/>
	<PA_MATCHING_T ID="2003" PA_ID="9999" SUBS_CODE="2003" ZONE_ID="ZONE_ID_TYPE_SHARED_BY_SUBSCRIPTION" ACCES_USER_ID="000" ACCES_SERVICE_ID="000" START_DATE="2009-02-01" CHARGE_CODE="000002"/>
	
	<!-- Used for for testing behavior after rollback -->	
    <RM_OFFER ID="3001" DISABLED="0" CREATED="2009-01-01" CODE="OFFER_CODE_ROLLBACK" CREATOR_ID="1" />  

	<RM_ACCESS_POINT ID="3001" DISABLED="0" CREATED="2009-01-01" CREATOR_ID="1" OLD_PROVISIONING="0" LAST_PLMN="20821" OFFER_INSTANCE_ID="3001" ACTIVATION_DATE="2009-03-01" OFFER_GROUP_ID="1" BILLING_STATUS="ACTIVATED" BILLING_STATUS_CHANGE_DATE="2009-03-01"/>
	<RM_ACCESS_POINT ID="3002" DISABLED="0" CREATED="2009-01-01" CREATOR_ID="1" OLD_PROVISIONING="0" LAST_PLMN="20821" OFFER_INSTANCE_ID="3001" ACTIVATION_DATE="2009-03-01" OFFER_GROUP_ID="1" BILLING_STATUS="ACTIVATED" BILLING_STATUS_CHANGE_DATE="2009-03-01"/>

	<RM_SIMCARD ID="3001" DISABLED="0" CREATED="2009-01-01" CREATOR_ID="1" ACCESS_POINT_ID="3001" PARTY_ID="2" ICCID="789" />
	<RM_SIMCARD ID="3002" DISABLED="0" CREATED="2009-01-01" CREATOR_ID="1" ACCESS_POINT_ID="3002" PARTY_ID="2" ICCID="789" />
	
	<MEDINA_USAGE_COUNTER ID="3001" PARTITION_ID="1" ACCESS_POINT_ID="3001" COUNTER1="0" COUNTER2="0" COUNTER3="0" COUNTER1_UP="0" COUNTER1_DOWN="0" COUNTER2_UP="0" COUNTER2_DOWN="0" COUNTER3_UP="0" IS_PA_ON_ACTIVE_OFFER="0" />
    <MEDINA_USAGE_COUNTER ID="3002" PARTITION_ID="2" ACCESS_POINT_ID="3002" COUNTER1="0" COUNTER2="0" COUNTER3="0" COUNTER1_UP="0" COUNTER1_DOWN="0" COUNTER2_UP="0" COUNTER2_DOWN="0" COUNTER3_UP="0" IS_PA_ON_ACTIVE_OFFER="0" />

	<RM_LINE ID="3001" DISABLED="0" CREATED="2009-01-01" MSISDN="1234567890" IMSI="1234567890" ACCESS_POINT_ID="3001" CREATOR_ID="1" STATUS="ALLOCATED"/>
	<RM_LINE ID="3002" DISABLED="0" CREATED="2009-01-01" MSISDN="0987654321" IMSI="0987654321" ACCESS_POINT_ID="3002" CREATOR_ID="1" STATUS="ALLOCATED"/>
    
    <MEDINA_ZONNING_PLAN ID="3001" OFFER_CODE="OFFER_CODE_ROLLBACK" ZONE_ID="ZONE_ID_TEST_ROLLBACK1" PLMN_CODE="20821" CDR_TYPE="ALL" DIRECTION="ALL" ZONE_TYPE="1"/>
    <MEDINA_ZONNING_PLAN ID="3002" OFFER_CODE="OFFER_CODE_ROLLBACK" ZONE_ID="ZONE_ID_TEST_ROLLBACK2" PLMN_CODE="20821" CDR_TYPE="ALL" DIRECTION="ALL" ZONE_TYPE="1"/>

	<!-- Testing partial tickets -->
    <MEDINA_CDR_TICKET ID="1" IMEI="123" IMSI="123" MSISDN="863301180" NATURE="GUE" IP_BINV4_ADDRESS="192.168.1.1" ORIGIN_PLMN="20280" SEQUENCE_NUMBER="1" RECORD_OPENING_TIME="2009-01-01 10:00:00" DURATION="600" RECORD_CLOSING_TIME="2009-01-01 10:10:00" DOWNLOADED_DATA_VOLUME="100" UPLOADED_DATA_VOLUME="100" CDR_TYPE="GPRS" ETAT_ELU="P" TICKET_ID="1234"  CREATED_ON="2009-01-01" IOT="1" MVNO_ROUTING="1" ON_NET="1" CALLING_NUMBER="1" OPERATOR="AUTRE" SS_CODE="91" IDN_COM="111-111" NODE_ID="aaa" CELL_ID="66" PDP_CONNECTION_STATUS="CLOSED" PDP_IP_ADDRESS="9.9.9.9" CELL_CHANGE_DATE="2010-11-10" />
    <MEDINA_CDR_TICKET ID="2" IMEI="123" IMSI="123" MSISDN="863301180" NATURE="GUE" IP_BINV4_ADDRESS="192.168.1.1" ORIGIN_PLMN="20280" SEQUENCE_NUMBER="2" RECORD_OPENING_TIME="2009-01-01 10:10:00" DURATION="600" RECORD_CLOSING_TIME="2009-01-01 10:20:00" DOWNLOADED_DATA_VOLUME="100" UPLOADED_DATA_VOLUME="100" CDR_TYPE="GPRS" ETAT_ELU="P" TICKET_ID="1234" CREATED_ON="2009-01-01" />
    <MEDINA_CDR_TICKET ID="5" IMEI="123" IMSI="123" MSISDN="863301180" NATURE="GUE" IP_BINV4_ADDRESS="192.168.1.1" ORIGIN_PLMN="20280" SEQUENCE_NUMBER="4" RECORD_OPENING_TIME="2009-01-01 10:30:00" DURATION="600" RECORD_CLOSING_TIME="2009-01-01 10:40:00" DOWNLOADED_DATA_VOLUME="100" UPLOADED_DATA_VOLUME="100" CDR_TYPE="GPRS" ETAT_ELU="P" TICKET_ID="4321" CREATED_ON="2009-01-01" />
    <MEDINA_CDR_TICKET ID="3" IMEI="123" IMSI="123" MSISDN="863301180" NATURE="GUE" IP_BINV4_ADDRESS="192.168.1.1" ORIGIN_PLMN="20280" SEQUENCE_NUMBER="3" RECORD_OPENING_TIME="2009-01-01 10:20:00" DURATION="600" RECORD_CLOSING_TIME="2009-01-01 10:30:00" DOWNLOADED_DATA_VOLUME="100" UPLOADED_DATA_VOLUME="100" CDR_TYPE="GPRS" ETAT_ELU="P" TICKET_ID="1234" CREATED_ON="2009-01-01" />
    <MEDINA_CDR_TICKET ID="4" IMEI="123" IMSI="123" MSISDN="863301180" NATURE="GUE" IP_BINV4_ADDRESS="192.168.1.1" ORIGIN_PLMN="20280" SEQUENCE_NUMBER="4" RECORD_OPENING_TIME="2009-01-01 10:30:00" DURATION="600" RECORD_CLOSING_TIME="2009-01-01 10:40:00" DOWNLOADED_DATA_VOLUME="100" UPLOADED_DATA_VOLUME="100" CDR_TYPE="GPRS" ETAT_ELU="F" TICKET_ID="1234" CREATED_ON="2009-01-01" PDP_CONNECTION_STATUS="CLOSED" PDP_IP_ADDRESS="9.9.9.9" />
	<!-- Testing when some tickets are missing for aggregation, and rest of tickets are inserted before date when they should be aggregated even if some is missing. -->
    <MEDINA_CDR_TICKET ID="6" IMEI="321" IMSI="321" MSISDN="863301110" NATURE="GUE" IP_BINV4_ADDRESS="192.168.1.2" ORIGIN_PLMN="20280" SEQUENCE_NUMBER="1" RECORD_OPENING_TIME="2009-01-01 10:30:00" DURATION="600" RECORD_CLOSING_TIME="2009-01-01 10:40:00" DOWNLOADED_DATA_VOLUME="50" UPLOADED_DATA_VOLUME="60" CDR_TYPE="GPRS" ETAT_ELU="P" TICKET_ID="555" CREATED_ON="2009-01-01" />
    <MEDINA_CDR_TICKET ID="7" IMEI="321" IMSI="321" MSISDN="863301110" NATURE="GUE" IP_BINV4_ADDRESS="192.168.1.2" ORIGIN_PLMN="20280" SEQUENCE_NUMBER="2" RECORD_OPENING_TIME="2009-01-01 10:40:00" DURATION="600" RECORD_CLOSING_TIME="2009-01-01 10:50:00" DOWNLOADED_DATA_VOLUME="50" UPLOADED_DATA_VOLUME="60" CDR_TYPE="GPRS" ETAT_ELU="P" TICKET_ID="555" CREATED_ON="2009-01-01" />
    <MEDINA_CDR_TICKET ID="8" IMEI="321" IMSI="321" MSISDN="863301110" NATURE="GUE" IP_BINV4_ADDRESS="192.168.1.2" ORIGIN_PLMN="20280" SEQUENCE_NUMBER="4" RECORD_OPENING_TIME="2009-01-01 11:00:00" DURATION="600" RECORD_CLOSING_TIME="2009-01-01 11:10:00" DOWNLOADED_DATA_VOLUME="50" UPLOADED_DATA_VOLUME="60" CDR_TYPE="GPRS" ETAT_ELU="F" TICKET_ID="555" CREATED_ON="2009-01-01" />
	<!-- VOICE -->
    <MEDINA_CDR_TICKET ID="9" IMEI="321" IMSI="321" MSISDN="863301110" NATURE="GUE" ORIGIN_PLMN="20280" SEQUENCE_NUMBER="1" RECORD_OPENING_TIME="2009-01-01 10:30:00" DURATION="600" RECORD_CLOSING_TIME="2009-01-01 10:40:00" CDR_TYPE="MST" ETAT_ELU="P" TICKET_ID="999" IOT="0" CALLING_NUMBER="6331180" CREATED_ON="2009-01-01" OPERATOR="BYTEL" SS_CODE="91" IDN_COM="111-111"/>
    <MEDINA_CDR_TICKET ID="10" IMEI="321" IMSI="321" MSISDN="863301110" NATURE="GUE" ORIGIN_PLMN="20280" SEQUENCE_NUMBER="2" RECORD_OPENING_TIME="2009-01-01 10:40:00" DURATION="600" MVNO_ROUTING="7801" ON_NET="_ON" RECORD_CLOSING_TIME="2009-01-01 10:50:00" CDR_TYPE="MST" ETAT_ELU="F" TICKET_ID="999" IOT="0" CALLING_NUMBER="6331180" CREATED_ON="2009-01-01" OPERATOR="BYTEL" SS_CODE="91" IDN_COM="111-111" CELL_ID="66" CELL_CHANGE_DATE="2010-11-10"/>
    <!-- VOICE Final sequence 1 -->
    <MEDINA_CDR_TICKET ID="11" IMEI="111" IMSI="111" MSISDN="81111111" NATURE="GUE" ORIGIN_PLMN="20281" SEQUENCE_NUMBER="1" RECORD_OPENING_TIME="2009-01-01 11:00:00" DURATION="600" MVNO_ROUTING="7802" ON_NET="_OFF" RECORD_CLOSING_TIME="2009-01-01 11:10:00" CDR_TYPE="MST" ETAT_ELU="F" TICKET_ID="1000" IOT="0" CALLING_NUMBER="62222222" NODE_ID="BS31" CREATED_ON="2009-01-01" OPERATOR="TELE2" />
    
    <!-- Test plmn alarm counters update -->
    <RM_LINE ID="4001" DISABLED="0" CREATED="2009-01-01" MSISDN_PREVIOUS="3333" MSISDN="111111" IMSI="111111" ACCESS_POINT_ID="4001" CREATOR_ID="1" STATUS="ALLOCATED"/>
    <RM_LINE ID="4002" DISABLED="0" CREATED="2009-01-01" MSISDN_PREVIOUS="3333" MSISDN="222222" IMSI="222222" ACCESS_POINT_ID="4002" CREATOR_ID="1" STATUS="ALLOCATED"/>
	<RM_ACCESS_POINT ID="4001" DISABLED="0" CREATED="2009-01-01" CREATOR_ID="1" OLD_PROVISIONING="0" LAST_PLMN="20820" OFFER_INSTANCE_ID="1001" ACTIVATION_DATE="2009-03-01" OFFER_GROUP_ID="1" />
	<RM_ACCESS_POINT ID="4002" DISABLED="0" CREATED="2009-01-01" CREATOR_ID="1" OLD_PROVISIONING="0" LAST_PLMN="20820" OFFER_INSTANCE_ID="1002" ACTIVATION_DATE="2009-03-01" OFFER_GROUP_ID="1" />
    <RM_SIMCARD ID="4001" DISABLED="0" CREATED="2009-01-01" CREATOR_ID="1" ACCESS_POINT_ID="4001" PARTY_ID="2" ICCID="789" />
	<RM_SIMCARD ID="4002" DISABLED="0" CREATED="2009-01-01" CREATOR_ID="1" ACCESS_POINT_ID="4002" PARTY_ID="2" ICCID="789" />
    <MEDINA_USAGE_COUNTER ID="4001" PARTITION_ID="1" ACCESS_POINT_ID="4001" COUNTER1="0" COUNTER2="0" COUNTER3="0" COUNTER1_UP="0" COUNTER1_DOWN="0" COUNTER2_UP="0" COUNTER2_DOWN="0" COUNTER3_UP="0" IS_PA_ON_ACTIVE_OFFER="0" />
    <MEDINA_USAGE_COUNTER ID="4002" PARTITION_ID="2" ACCESS_POINT_ID="4002" COUNTER1="0" COUNTER2="0" COUNTER3="0" COUNTER1_UP="0" COUNTER1_DOWN="0" COUNTER2_UP="0" COUNTER2_DOWN="0" COUNTER3_UP="0" IS_PA_ON_ACTIVE_OFFER="0" />
    <MEDINA_ZONNING_PLAN ID="4001" OFFER_CODE="OFFER1" ZONE_ID="DEST1" PLMN_CODE="20821" CDR_TYPE="ALL" DIRECTION="ALL" ZONE_TYPE="0"/>
    <MEDINA_ZONNING_PLAN ID="40001" OFFER_CODE="OFFER1" ZONE_ID="DEST2" PLMN_CODE="20822" CDR_TYPE="ALL" DIRECTION="ALL" ZONE_TYPE="0"/>
    <MEDINA_ZONNING_PLAN ID="400001" OFFER_CODE="OFFER1" ZONE_ID="DEST2" PLMN_CODE="20823" CDR_TYPE="ALL" DIRECTION="ALL" ZONE_TYPE="0"/>
    <RM_ALARM ID="1" DISABLED="0" CREATED="2009-01-01" CREATOR_ID="1" />
    <RM_ALARM ID="2" DISABLED="0" CREATED="2009-01-01" CREATOR_ID="1" />
    <RM_ALARM_INSTANCE ID="4001" PARTITION_ID="1" DISABLED="0" FIRST_TICKET_DATE="2009-01-01" CREATED="2009-01-01" ACCESS_POINT_ID="4001" ALARM_ID="1" ALARM_TYPE="CONSUMPTION_ON_PLMN" ICV1="0" LV1="100" CCV1="50" PCV1="10" ICV2="0" LV2="100" CCV2="50" PCV2="10" ICV3="0" LV3="100" CCV3="50" PCV3="10" CCV1_UP="0" CCV1_DOWN="0" CCV2_UP="0" CCV2_DOWN="0" CCV3_UP="0"/>
    <RM_ALARM_INSTANCE ID="4002" PARTITION_ID="2" DISABLED="0" FIRST_TICKET_DATE="2009-06-01" CREATED="2009-01-01" ACCESS_POINT_ID="4002" ALARM_ID="2" ALARM_TYPE="CONSUMPTION_ON_PLMN" ICV1="0" LV1="100" CCV1="50" PCV1="10" ICV2="0" LV2="100" CCV2="50" PCV2="10" ICV3="0" LV3="100" CCV3="50" PCV3="10" CCV1_UP="0" CCV1_DOWN="0" CCV2_UP="0" CCV2_DOWN="0" CCV3_UP="0"/>
    <RM_PLMN ID="1" DISABLED="0" CREATED="2009-01-01" CREATOR_ID="1" CODE="20820" />
    <RM_PLMN ID="2" DISABLED="0" CREATED="2009-01-01" CREATOR_ID="1" CODE="20821" />
    <RM_PLMN ID="3" DISABLED="0" CREATED="2009-01-01" CREATOR_ID="1" CODE="20822" />
    <RM_PLMN ID="4" DISABLED="0" CREATED="2009-01-01" CREATOR_ID="1"  CODE="20823" />
    <RM_ALARM_PLMNS ALARM_ID="1" PLMN_CODE="20820" />
    <RM_ALARM_PLMNS ALARM_ID="1" PLMN_CODE="20821" />
    <RM_ALARM_PLMNS ALARM_ID="1" PLMN_CODE="20822" />
    <RM_ALARM_PLMNS ALARM_ID="2" PLMN_CODE="20820" />
    <RM_ALARM_PLMNS ALARM_ID="2" PLMN_CODE="20821" />
    <RM_ALARM_PLMNS ALARM_ID="2" PLMN_CODE="20823" />
    
    <MEDINA_MVNO_ROUTING_TABLE OFFER_CODE="NC_OFFRE_VOIX1" ROUTING_PREFIX="7801" ZONE_ID="APPELS_PREFIXE_NATIONAL" TYPE_APPEL="ALL"/>
    <MEDINA_MVNO_ROUTING_TABLE OFFER_CODE="NC_OFFRE_VOIX1" ROUTING_PREFIX="7802" ZONE_ID="APPELS_PREFIXE_INTERNATIONAL" TYPE_APPEL="ALL" />
    <MEDINA_MVNO_ROUTING_TABLE OFFER_CODE="NC_OFFRE_VOIX1" ROUTING_PREFIX="7803" ZONE_ID="APPELS_PREFIXE_INTERNATIONAL3" TYPE_APPEL="INTERNAT" />
    <MEDINA_MVNO_ROUTING_TABLE OFFER_CODE="NC_OFFRE_VOIX1" ROUTING_PREFIX="7803" ZONE_ID="APPELS_PREFIXE_NATIONAL3" TYPE_APPEL="NAT" />
    
    <!-- Test medina zone finding with cdr_type and direction -->
    <MEDINA_ZONNING_PLAN ID="8111" OFFER_CODE="TYPEDIRECTIONOFFER" ZONE_ID="SMS_INCOMING_ZONE" PLMN_CODE="20821" CDR_TYPE="SMS" DIRECTION="INCOMING" ZONE_TYPE="0"/>
    <MEDINA_ZONNING_PLAN ID="8112" OFFER_CODE="TYPEDIRECTIONOFFER" ZONE_ID="SMS_OUTGOING_ZONE" PLMN_CODE="20821" CDR_TYPE="SMS" DIRECTION="OUTGOING" ZONE_TYPE="0"/>
    <MEDINA_ZONNING_PLAN ID="8113" OFFER_CODE="TYPEDIRECTIONOFFER" ZONE_ID="VOICE_INCOMING_ZONE" PLMN_CODE="20821" CDR_TYPE="VOICE" DIRECTION="INCOMING" ZONE_TYPE="0"/>
    <MEDINA_ZONNING_PLAN ID="8114" OFFER_CODE="TYPEDIRECTIONOFFER" ZONE_ID="VOICE_OUTGOING_ZONE" PLMN_CODE="20821" CDR_TYPE="VOICE" DIRECTION="OUTGOING" ZONE_TYPE="0"/>
    <MEDINA_ZONNING_PLAN ID="8115" OFFER_CODE="TYPEDIRECTIONOFFER" ZONE_ID="DATA_ZONE" PLMN_CODE="20821" CDR_TYPE="DATA" DIRECTION="ALL" ZONE_TYPE="0"/>
    
    <MEDINA_REJECTED_CDR ID="3" FILE_NAME="bbb.txt" REASON="DUPLICATED" REJECTION_DATE="2010-01-01" TICKET_DATA="ticket1" REJECTED_FLAG="REJECTED_FOR_RETRY" />
    <MEDINA_REJECTED_CDR ID="4" FILE_NAME="bbb.txt" REASON="DUPLICATED" REJECTION_DATE="2010-01-01" TICKET_DATA="ticket2" REJECTED_FLAG="REJECTED_FOR_RETRY" />
    <MEDINA_REJECTED_CDR ID="5" FILE_NAME="bbb.txt" REASON="DUPLICATED" REJECTION_DATE="2010-02-01" TICKET_DATA="ticket3" REJECTED_FLAG="REJECTED_FOR_RETRY" />
    <MEDINA_REJECTED_CDR ID="6" FILE_NAME="bbb.txt" REASON="DUPLICATED" REJECTION_DATE="2010-02-01" TICKET_DATA="ticket4" REJECTED_FLAG="REJECTED_FOR_RETRY" />
	<!-- MANUAL_RETRY test -->
    <MEDINA_REJECTED_CDR ID="9" FILE_NAME="aaa.txt" REASON="NO_ACCESS" REJECTION_DATE="2010-01-01" TICKET_DATA="manualRetryTicket1" REJECTED_FLAG="MANUAL_RETRY" />
    <MEDINA_REJECTED_CDR ID="10" FILE_NAME="aaa.txt" REASON="NO_ACCESS" REJECTION_DATE="2010-02-01" TICKET_DATA="manualRetryTicket2" REJECTED_FLAG="MANUAL_RETRY" />

    <MEDINA_REJECTED_CDR ID="1" FILE_NAME="aaa.txt" REASON="DUPLICATED" TICKET_DATA="no data" REJECTED_FLAG="REJECTED_FOR_RETRY" />
    <MEDINA_REJECTED_CDR ID="2" FILE_NAME="aaa.txt" REASON="DUPLICATED" TICKET_DATA="no data" REJECTED_FLAG="REJECTED_FOR_RETRY" />
    <MEDINA_REJECTED_CDR ID="7" FILE_NAME="aaa.txt" REASON="NO_ACCESS" TICKET_DATA="no data" REJECTED_FLAG="REJECTED_FOR_RETRY" />
    <MEDINA_REJECTED_CDR ID="8" FILE_NAME="aaa.txt" REASON="NO_ACCESS" TICKET_DATA="no data" REJECTED_FLAG="REJECTED_FOR_RETRY" />

    <MEDINA_ZONNING_PLAN ID="111111" OFFER_CODE="TEST_INGENICO_BY_PA_OFFER_CODE" ZONE_ID="TEST_INGENICO_BY_PA_ZONE" PLMN_CODE="20821" CDR_TYPE="ALL" DIRECTION="ALL" ZONE_TYPE="1"/>
	
	<!-- Test multithreading -->
	<RM_OFFER ID="9001" DISABLED="0" CREATED="2009-01-01" CODE="9999" CREATOR_ID="1" />  
    <RM_OFFER ID="9002" DISABLED="0" CREATED="2009-01-01" CODE="9999" CREATOR_ID="1" />  
    <RM_OFFER ID="9003" DISABLED="0" CREATED="2009-01-01" CODE="9999" CREATOR_ID="1" />  

	<RM_ACCESS_POINT ID="9001" DISABLED="0" CREATED="2009-01-01" CREATOR_ID="1" OLD_PROVISIONING="0" OFFER_INSTANCE_ID="9001" ACTIVATION_DATE="2009-01-01" OFFER_GROUP_ID="1" PREVIOUS_OFFER_GROUP_ID="3" PREVIOUS_OFFER_GROUP_UPDATE="2009-02-01"/>
    <RM_ACCESS_POINT ID="9002" DISABLED="0" CREATED="2009-01-01" CREATOR_ID="1" OLD_PROVISIONING="0" OFFER_INSTANCE_ID="9002" ACTIVATION_DATE="2009-01-01" OFFER_GROUP_ID="1" PREVIOUS_OFFER_GROUP_ID="3" PREVIOUS_OFFER_GROUP_UPDATE="2009-02-01"/>
    <RM_ACCESS_POINT ID="9003" DISABLED="0" CREATED="2009-01-01" CREATOR_ID="1" OLD_PROVISIONING="0" OFFER_INSTANCE_ID="9003" ACTIVATION_DATE="2009-01-01" OFFER_GROUP_ID="1" PREVIOUS_OFFER_GROUP_ID="3" PREVIOUS_OFFER_GROUP_UPDATE="2009-02-01"/>
	
	<MEDINA_ZONNING_PLAN ID="9001" OFFER_CODE="9999" ZONE_ID="SIMPLE_NO_MATCHING" PLMN_CODE="20821" CDR_TYPE="ALL" DIRECTION="ALL" ZONE_TYPE="0"/>
	<MEDINA_ZONNING_PLAN ID="9002" OFFER_CODE="9999" ZONE_ID="SHARED_BY_ZONE_NO_MATCHING" PLMN_CODE="20821" CDR_TYPE="ALL" DIRECTION="ALL" ZONE_TYPE="1"/>
	<MEDINA_ZONNING_PLAN ID="9003" OFFER_CODE="9999" ZONE_ID="SHARED_BY_SUBSCRIPTION_NO_MATCHING" PLMN_CODE="20821" CDR_TYPE="ALL" DIRECTION="ALL" ZONE_TYPE="2"/>
	
	<!-- CellId tests -->
	<RM_CURRENT_CELL ID="7777" AP_ID="7001" CELL_ID="CELL" CELL_CHANGE_DATE="2009-01-01" />
	<RM_CURRENT_CELL ID="5555" AP_ID="5001" CELL_ID="CELL" CELL_CHANGE_DATE="2011-11-12" />
	
	<!-- PDPConnection tests -->
	<RM_CURRENT_PDP_CONN ID="5555" AP_ID="5001" PDP_CONNECTION_ID="55" PDP_CONNECTION_STATUS="OPEN" PDP_CONNECTION_START_DATE="2009-01-01 01:00:00.000000000" PDP_CONNECTION_END_DATE="2009-01-01 01:00:00.000000000" CAUSE_FOR_RECORD_CLOSING="N" APN="android" IP_ADDRESS="2.3.4.5" UPLOAD="10" DOWNLOAD="20" PARTY_ID="1" />
	
	<MEDINA_ZONNING_PLAN ID="9000" OFFER_CODE="default_offer" ZONE_ID="9ZONE" PLMN_CODE="20820" CDR_TYPE="ALL" DIRECTION="ALL" ZONE_TYPE="0"/>
	<MEDINA_NUMBERING_PLAN ID="9000" PHONE_NUMBER_REGEXP="12*" OFFER_CODE="default_offer" ZONE_ID="ZONE9" CDR_TYPE="VOICE" IS_OUTGOING="1" />
	
	<!-- Test router ticket -->
    <RM_OFFER ID="9009" DISABLED="0" CREATED="2009-01-01" CODE="OFFER9009" CREATOR_ID="1" />
    <RM_ACCESS_POINT ID="9009" DISABLED="0" CREATED="2009-01-01" CREATOR_ID="1" OLD_PROVISIONING="0" LAST_PLMN="20820" OFFER_INSTANCE_ID="9009" ACTIVATION_DATE="2009-03-01" OFFER_GROUP_ID="1" BILLING_STATUS="ACTIVATED" BILLING_STATUS_CHANGE_DATE="2009-03-01"/>
    <RM_SIMCARD ID="9009" DISABLED="0" CREATED="2009-01-01" CREATOR_ID="1" ACCESS_POINT_ID="9009" PARTY_ID="2" ICCID="789" />
    <RM_LINE ID="9009" DISABLED="0" CREATED="2009-01-01" MSISDN="0" IMSI="9009" ACCESS_POINT_ID="9009" CREATOR_ID="1" STATUS="ALLOCATED" IP_ADDRESS="1.1.1.1"/>
    <MEDINA_ZONNING_PLAN ID="9009" OFFER_CODE="OFFER9009" ZONE_ID="DEST1" PLMN_CODE="20820" CDR_TYPE="ALL" DIRECTION="ALL" ZONE_TYPE="0"/>
    <MEDINA_USAGE_COUNTER ID="9009" PARTITION_ID="9" ACCESS_POINT_ID="9009" COUNTER1="0" COUNTER2="0" COUNTER3="0" COUNTER1_UP="0" COUNTER1_DOWN="0" COUNTER2_UP="0" COUNTER2_DOWN="0" COUNTER3_UP="0" IS_PA_ON_ACTIVE_OFFER="0" />
    <RM_ALARM_INSTANCE ID="9009" PARTITION_ID="9" DISABLED="0" CREATED="2009-01-01" ACCESS_POINT_ID="9009" ALARM_TYPE="UNDER_CONSUMPTION_VOLUME" CCV1="0" CCV1_UP="0" CCV1_DOWN="0" CCV2="0" CCV2_UP="0" CCV2_DOWN="0" CCV3="0" CCV3_UP="0" CCV3_DOWN="0" ALARM_ID="1000"/>
	
    <RM_OFFER ID="9010" DISABLED="0" CREATED="2009-01-01" CODE="OFFER9010" CREATOR_ID="1" />
    <RM_ACCESS_POINT ID="9010" DISABLED="0" CREATED="2009-01-01" CREATOR_ID="1" OLD_PROVISIONING="0" LAST_PLMN="20820" OFFER_INSTANCE_ID="9010" ACTIVATION_DATE="2009-03-01" OFFER_GROUP_ID="1" BILLING_STATUS="ACTIVATED" BILLING_STATUS_CHANGE_DATE="2009-03-01"/>
    <RM_SIMCARD ID="9010" DISABLED="0" CREATED="2009-01-01" CREATOR_ID="1" ACCESS_POINT_ID="9010" PARTY_ID="2" ICCID="789" />
    <RM_LINE ID="9010" DISABLED="0" CREATED="2009-01-01" MSISDN="0" IMSI="9010" ACCESS_POINT_ID="9010" CREATOR_ID="1" STATUS="ALLOCATED" IP_ADDRESS="5.5.5.5"/>
    <MEDINA_ZONNING_PLAN ID="9010" OFFER_CODE="OFFER9010" ZONE_ID="DEST1" PLMN_CODE="20820" CDR_TYPE="ALL" DIRECTION="ALL" ZONE_TYPE="0"/>
    <MEDINA_USAGE_COUNTER ID="9010" PARTITION_ID="10" ACCESS_POINT_ID="9010" COUNTER1="0" COUNTER2="0" COUNTER3="0" COUNTER1_UP="0" COUNTER1_DOWN="0" COUNTER2_UP="0" COUNTER2_DOWN="0" COUNTER3_UP="0" IS_PA_ON_ACTIVE_OFFER="0" />
    <RM_ALARM_INSTANCE ID="9010" PARTITION_ID="10" DISABLED="0" CREATED="2009-01-01" ACCESS_POINT_ID="9010" ALARM_TYPE="UNDER_CONSUMPTION_VOLUME" CCV1="0" CCV1_UP="0" CCV1_DOWN="0" CCV2="0" CCV2_UP="0" CCV2_DOWN="0" CCV3="0" CCV3_UP="0" CCV3_DOWN="0" ALARM_ID="1000"/>

    <RM_OFFER ID="9011" DISABLED="0" CREATED="2009-01-01" CODE="OFFER9011" CREATOR_ID="1" />
    <RM_ACCESS_POINT ID="9011" DISABLED="0" CREATED="2009-01-01" CREATOR_ID="1" OLD_PROVISIONING="0" LAST_PLMN="20820" OFFER_INSTANCE_ID="9011" ACTIVATION_DATE="2009-03-01" OFFER_GROUP_ID="1" BILLING_STATUS="ACTIVATED" BILLING_STATUS_CHANGE_DATE="2009-03-01"/>
    <RM_SIMCARD ID="9011" DISABLED="0" CREATED="2009-01-01" CREATOR_ID="1" ACCESS_POINT_ID="9011" PARTY_ID="2" ICCID="789" />
    <RM_LINE ID="9011" DISABLED="0" CREATED="2009-01-01" MSISDN="0" IMSI="9011" ACCESS_POINT_ID="9011" CREATOR_ID="1" STATUS="ALLOCATED" IP_ADDRESS="6.6.6.6"/>
    <MEDINA_ZONNING_PLAN ID="9011" OFFER_CODE="OFFER9011" ZONE_ID="DEST1" PLMN_CODE="20820" CDR_TYPE="ALL" DIRECTION="ALL" ZONE_TYPE="0"/>
    <MEDINA_USAGE_COUNTER ID="9011" PARTITION_ID="11" ACCESS_POINT_ID="9011" COUNTER1="0" COUNTER2="0" COUNTER3="0" COUNTER1_UP="0" COUNTER1_DOWN="0" COUNTER2_UP="0" COUNTER2_DOWN="0" COUNTER3_UP="0" IS_PA_ON_ACTIVE_OFFER="0" />
    <RM_ALARM_INSTANCE ID="9011" PARTITION_ID="11" DISABLED="0" CREATED="2009-01-01" ACCESS_POINT_ID="9011" ALARM_TYPE="UNDER_CONSUMPTION_VOLUME" CCV1="0" CCV1_UP="0" CCV1_DOWN="0" CCV2="0" CCV2_UP="0" CCV2_DOWN="0" CCV3="0" CCV3_UP="0" CCV3_DOWN="0" ALARM_ID="1000"/>

    <RM_OFFER ID="9012" DISABLED="0" CREATED="2009-01-01" CODE="OFFER9012" CREATOR_ID="1" />
    <RM_ACCESS_POINT ID="9012" DISABLED="0" CREATED="2009-01-01" CREATOR_ID="1" OLD_PROVISIONING="0" LAST_PLMN="20820" OFFER_INSTANCE_ID="9012" ACTIVATION_DATE="2009-03-01" OFFER_GROUP_ID="1" BILLING_STATUS="ACTIVATED" BILLING_STATUS_CHANGE_DATE="2009-03-01"/>
    <RM_SIMCARD ID="9012" DISABLED="0" CREATED="2009-01-01" CREATOR_ID="1" ACCESS_POINT_ID="9012" PARTY_ID="2" ICCID="789" />
    <RM_LINE ID="9012" DISABLED="0" CREATED="2009-01-01" MSISDN="0" IMSI="9012" ACCESS_POINT_ID="9012" CREATOR_ID="1" STATUS="ALLOCATED" IP_ADDRESS="7.7.7.7"/>
    <MEDINA_ZONNING_PLAN ID="9012" OFFER_CODE="OFFER9012" ZONE_ID="DEST1" PLMN_CODE="20820" CDR_TYPE="ALL" DIRECTION="ALL" ZONE_TYPE="0"/>
    <MEDINA_USAGE_COUNTER ID="9012" PARTITION_ID="12" ACCESS_POINT_ID="9012" COUNTER1="0" COUNTER2="0" COUNTER3="0" COUNTER1_UP="0" COUNTER1_DOWN="0" COUNTER2_UP="0" COUNTER2_DOWN="0" COUNTER3_UP="0" IS_PA_ON_ACTIVE_OFFER="0" />
    <RM_ALARM_INSTANCE ID="9012" PARTITION_ID="12" DISABLED="0" CREATED="2009-01-01" ACCESS_POINT_ID="9012" ALARM_TYPE="UNDER_CONSUMPTION_VOLUME" CCV1="0" CCV1_UP="0" CCV1_DOWN="0" CCV2="0" CCV2_UP="0" CCV2_DOWN="0" CCV3="0" CCV3_UP="0" CCV3_DOWN="0" ALARM_ID="1000"/>
	
</dataset>