<?xml version="1.0" encoding="UTF-8"?>
<dataset>

	<!-- Users -->
 	<ADM_USER ID="1" DISABLED="0" CREATED="2010-01-01" CREATOR_ID="1"/>

	<!-- Currencies -->
	<ADM_CURRENCY ID="1" CODE="Eur" NAME="Euros" ISO_CODE="1111" SYSTEM_CURRENCY="1" />
	<ADM_CURRENCY ID="2" CODE="Usd" NAME="Dollars" ISO_CODE="2222" SYSTEM_CURRENCY="0" />
	
	<!-- Usage types -->
	<RATING_USAGE_TYPE ID="1" CODE="DATA" NAME="Data usage" METRIC_NAME="Kilobytes" METRIC_CODE="Kb" />
	<RATING_USAGE_TYPE ID="2" CODE="VOICE" NAME="Voice usage" METRIC_NAME="Seconds" METRIC_CODE="s" />
	<RATING_USAGE_TYPE ID="3" CODE="SMS" NAME="Sms usage" METRIC_NAME="--" METRIC_CODE="--" />
	
	<!-- Accounts -->
	<ACCOUNT_ENTITY ID="1" DISABLED="0" CREATED="2010-01-01" CREATOR_ID="1" CODE="TEST" FIRSTNAME="TEST" LASTNAME="TEST" />
	<AR_CUSTOMER_ACCOUNT ID="1" STATUS="ACTIVE" />

	<BILLING_WALLET ID="1" DISABLED="0" CREATED="2010-01-01" CREATOR_ID="1" NAME="PRINCIPAL" />
	<BILLING_RATED_TRANSACTION ID="1"  WALLET_ID="1" USAGE_CODE="aaa" />	
	
	<RATING_MATRIX_DEFINITION ID="100" DISABLED="0" CREATED="2010-01-01" CREATOR_ID="1" NAME="TEST_DATA" DIMENSION="2" USAGE_TYPE_ID="1" ENTRY_TYPE="NUMBER" START_DATE="2010-01-01" END_DATE="2030-01-01" />
	<RATING_MATRIX_ENTRY ID="101" COORDINATES="1;2" VALUE="1.1" MATRIX_DEFINITION_ID="100" />
	<RATING_MATRIX_ENTRY ID="102" COORDINATES="2;1" VALUE="0.1" MATRIX_DEFINITION_ID="100" />
	<RATING_MATRIX_ENTRY ID="103" COORDINATES="2;2" VALUE="3.1" MATRIX_DEFINITION_ID="100" />
	
	<RATING_MATRIX_DEFINITION ID="200" DISABLED="0" CREATED="2010-01-01" CREATOR_ID="1" NAME="TEST_SMS" DIMENSION="3" USAGE_TYPE_ID="3" ENTRY_TYPE="STRING" START_DATE="2010-01-01" END_DATE="2030-01-01" />
	<RATING_MATRIX_ENTRY ID="201" COORDINATES="1;2;0" VALUE="1.1" MATRIX_DEFINITION_ID="200" />
	<RATING_MATRIX_ENTRY ID="202" COORDINATES="2;1;0" VALUE="0.1" MATRIX_DEFINITION_ID="200" />
	
	<ADM_INPUT_HISTORY ID="1" NAME="test_duplicated_file.txt" INPUT_TYPE="MEDINA" />
	
	<CRM_PROVIDER ID="1" VERSION="0" DISABLED="0"
		CREATED="2010-02-18 13:22:22.000000001" CODE="PROV1" CREATOR_ID="1"
		ENTREPRISE="1" automatic_invoicing="1"/>
</dataset>