<?xml version="1.0" encoding="UTF-8"?>
<dataset>

	<CRM_PROVIDER ID="1" VERSION="1" DISABLED="0" CREATED="2010-01-01" CODE="PROVIDER" DESCRIPTION="PROVIDER description" />;
	
	<!-- Users -->
 	<ADM_USER ID="1" DISABLED="0" CREATED="2010-01-01" CREATOR_ID="1"/>

 	<CRM_CUSTOMER_BRAND ID="1" DISABLED="0" CREATED="2010-01-01" CREATOR_ID="1" CODE="brand" DESCRIPTION="brand" />
 	<CRM_CUSTOMER_CATEGORY ID="1" DISABLED="0" CREATED="2010-01-01" CREATOR_ID="1" CODE="category" DESCRIPTION="category" />
 	
 	<BILLING_CYCLE ID="1" DISABLED="0" CREATED="2010-01-01" CREATOR_ID="1" CODE="billingCycle" DESCRIPTION="billingCycle" BILLING_TEMPLATE_NAME="template" />

	<ACCOUNT_ENTITY ID="1" VERSION="1" DISABLED="0" CREATED="2010-01-01" CREATOR_ID="1" CODE="customer1" DESCRIPTION="customer1" />
	<ACCOUNT_ENTITY ID="2" VERSION="1" DISABLED="0" CREATED="2010-01-01" CREATOR_ID="1" CODE="customerAccount1" DESCRIPTION="customerAccount1" />

	<CRM_CUSTOMER ID="1" CUSTOMER_BRAND_ID="1" CUSTOMER_CATEGORY_ID="1" />

	<!-- for AccountTerminationCheckStepTest.testCheckTerminatedAccount() -->
	<ACCOUNT_ENTITY ID="102" VERSION="1" DISABLED="0" CREATED="2010-01-01" CREATOR_ID="1" CODE="customerAccount102" DESCRIPTION="customerAccount102" />
	<ACCOUNT_ENTITY ID="103" VERSION="1" DISABLED="0" CREATED="2010-01-01" CREATOR_ID="1" CODE="billingAccount103" DESCRIPTION="billingAccount103" />
	<ACCOUNT_ENTITY ID="104" VERSION="1" DISABLED="0" CREATED="2010-01-01" CREATOR_ID="1" CODE="billingAccount104" DESCRIPTION="billingAccount104" />
	<ACCOUNT_ENTITY ID="105" VERSION="1" DISABLED="0" CREATED="2010-01-01" CREATOR_ID="1" CODE="userAccount105" DESCRIPTION="userAccount105" />
	<ACCOUNT_ENTITY ID="106" VERSION="1" DISABLED="0" CREATED="2010-01-01" CREATOR_ID="1" CODE="userAccount106" DESCRIPTION="userAccount106" />

	<AR_CUSTOMER_ACCOUNT ID="102" STATUS="ACTIVE" PAYMENT_METHOD="CHECK" CREDIT_CATEGORY="PART_C" EMAIL="a@a.lt" CUSTOMER_ID="1" DUNNING_LEVEL="R0" />
	<BILLING_BILLING_ACCOUNT ID="103" STATUS="TERMINATED" STATUS_DATE="2010-01-01" BANK_CODE="aaa" BRANCH_CODE="aaa" ACCOUNT_NUMBER="123453" KEY="111" IBAN="111" EMAIL="a@a.lt" ELECTRONIC_BILLING="1" NEXT_INVOICE_DATE="2011-01-01" SUBSCRIPTION_DATE="2011-01-01" PAYMENT_METHOD="CHECK" DISCOUNT_RATE="5" CUSTOMER_ACCOUNT_ID="102" BILLING_CYCLE="1" BIC="123" />
	<BILLING_BILLING_ACCOUNT ID="104" STATUS="TERMINATED" STATUS_DATE="2010-01-01" BANK_CODE="aaa" BRANCH_CODE="aaa" ACCOUNT_NUMBER="123454" KEY="111" IBAN="111" EMAIL="a@a.lt" ELECTRONIC_BILLING="1" NEXT_INVOICE_DATE="2011-01-01" SUBSCRIPTION_DATE="2011-01-01" PAYMENT_METHOD="CHECK" DISCOUNT_RATE="5" CUSTOMER_ACCOUNT_ID="102" BILLING_CYCLE="1" BIC="123" />
	<BILLING_USER_ACCOUNT ID="105" STATUS="CANCELED" STATUS_DATE="2010-01-01" SUBSCRIPTION_DATE="2011-01-01" BILLING_ACCOUNT_ID="103" />
	<BILLING_USER_ACCOUNT ID="106" STATUS="CANCELED" STATUS_DATE="2010-01-01" SUBSCRIPTION_DATE="2011-01-01" BILLING_ACCOUNT_ID="104" />

 	<BILLING_SUBSCRIPTION ID="105" DISABLED="0" CREATED="2010-01-01" CREATOR_ID="1" STATUS="CANCELED" CODE="subscription105" DESCRIPTION="subscription105" USER_ACCOUNT_ID="105"/>
 	<BILLING_SUBSCRIPTION ID="106" DISABLED="0" CREATED="2010-01-01" CREATOR_ID="1" STATUS="CANCELED" CODE="subscription106" DESCRIPTION="subscription106" USER_ACCOUNT_ID="106"/>

	<BILLING_SERVICE_INSTANCE ID="101" VERSION="1" DISABLED="0" CREATED="2010-01-01" CREATOR_ID="1" CODE="instance101" DESCRIPTION="instance101" STATUS="TERMINATED" SUBSCRIPTION_ID="105" />
	<BILLING_SERVICE_INSTANCE ID="102" VERSION="1" DISABLED="0" CREATED="2010-01-01" CREATOR_ID="1" CODE="instance102" DESCRIPTION="instance102" STATUS="CANCELED" SUBSCRIPTION_ID="105" />
	<BILLING_SERVICE_INSTANCE ID="103" VERSION="1" DISABLED="0" CREATED="2010-01-01" CREATOR_ID="1" CODE="instance103" DESCRIPTION="instance103" STATUS="TERMINATED" SUBSCRIPTION_ID="106" />
	<BILLING_SERVICE_INSTANCE ID="104" VERSION="1" DISABLED="0" CREATED="2010-01-01" CREATOR_ID="1" CODE="instance104" DESCRIPTION="instance104" STATUS="CANCELED" SUBSCRIPTION_ID="106" />
	
	
	<!-- for AccountTerminationCheckStepTest.testCheckTerminatedAccount() -->
	<ACCOUNT_ENTITY ID="202" VERSION="1" DISABLED="0" CREATED="2010-01-01" CREATOR_ID="1" CODE="customerAccount202" DESCRIPTION="customerAccount202" />
	<ACCOUNT_ENTITY ID="203" VERSION="1" DISABLED="0" CREATED="2010-01-01" CREATOR_ID="1" CODE="billingAccount203" DESCRIPTION="billingAccount203" />
	<ACCOUNT_ENTITY ID="204" VERSION="1" DISABLED="0" CREATED="2010-01-01" CREATOR_ID="1" CODE="billingAccount204" DESCRIPTION="billingAccount204" />
	<ACCOUNT_ENTITY ID="205" VERSION="1" DISABLED="0" CREATED="2010-01-01" CREATOR_ID="1" CODE="userAccount205" DESCRIPTION="userAccount205" />
	<ACCOUNT_ENTITY ID="206" VERSION="1" DISABLED="0" CREATED="2010-01-01" CREATOR_ID="1" CODE="userAccount206" DESCRIPTION="userAccount206" />
	
	<AR_CUSTOMER_ACCOUNT ID="202" STATUS="ACTIVE" PAYMENT_METHOD="CHECK" CREDIT_CATEGORY="PART_C" EMAIL="a@a.lt" CUSTOMER_ID="1" DUNNING_LEVEL="R0" />
	<BILLING_BILLING_ACCOUNT ID="203" STATUS="TERMINATED" STATUS_DATE="2010-01-01" BANK_CODE="aaa" BRANCH_CODE="aaa" ACCOUNT_NUMBER="123456" KEY="111" IBAN="111" EMAIL="a@a.lt" ELECTRONIC_BILLING="1" NEXT_INVOICE_DATE="2011-01-01" SUBSCRIPTION_DATE="2011-01-01" PAYMENT_METHOD="CHECK" DISCOUNT_RATE="5" CUSTOMER_ACCOUNT_ID="202" BILLING_CYCLE="1" BIC="123" />
	<BILLING_BILLING_ACCOUNT ID="204" STATUS="TERMINATED" STATUS_DATE="2010-01-01" BANK_CODE="aaa" BRANCH_CODE="aaa" ACCOUNT_NUMBER="123457" KEY="111" IBAN="111" EMAIL="a@a.lt" ELECTRONIC_BILLING="1" NEXT_INVOICE_DATE="2011-01-01" SUBSCRIPTION_DATE="2011-01-01" PAYMENT_METHOD="CHECK" DISCOUNT_RATE="5" CUSTOMER_ACCOUNT_ID="202" BILLING_CYCLE="1" BIC="123" />
	<BILLING_USER_ACCOUNT ID="205" STATUS="CANCELED" STATUS_DATE="2010-01-01" SUBSCRIPTION_DATE="2011-01-01" BILLING_ACCOUNT_ID="203" />
	<BILLING_USER_ACCOUNT ID="206" STATUS="CANCELED" STATUS_DATE="2010-01-01" SUBSCRIPTION_DATE="2011-01-01" BILLING_ACCOUNT_ID="204" />

 	<BILLING_SUBSCRIPTION ID="205" DISABLED="0" CREATED="2010-01-01" CREATOR_ID="1" STATUS="CANCELED" CODE="billing4Subscription" DESCRIPTION="subscription205" USER_ACCOUNT_ID="205"/>
 	<BILLING_SUBSCRIPTION ID="206" DISABLED="0" CREATED="2010-01-01" CREATOR_ID="1" STATUS="CANCELED" CODE="billing5Subscription" DESCRIPTION="subscription206" USER_ACCOUNT_ID="206"/>

	<BILLING_SERVICE_INSTANCE ID="201" VERSION="1" DISABLED="0" CREATED="2010-01-01" CREATOR_ID="1" CODE="instance201" DESCRIPTION="instance201" STATUS="TERMINATED" SUBSCRIPTION_ID="205" />
	<BILLING_SERVICE_INSTANCE ID="202" VERSION="1" DISABLED="0" CREATED="2010-01-01" CREATOR_ID="1" CODE="instance202" DESCRIPTION="instance202" STATUS="CANCELED" SUBSCRIPTION_ID="205" />
	<BILLING_SERVICE_INSTANCE ID="203" VERSION="1" DISABLED="0" CREATED="2010-01-01" CREATOR_ID="1" CODE="instance203" DESCRIPTION="instance203" STATUS="TERMINATED" SUBSCRIPTION_ID="206" />
	<BILLING_SERVICE_INSTANCE ID="204" VERSION="1" DISABLED="0" CREATED="2010-01-01" CREATOR_ID="1" CODE="instance204" DESCRIPTION="instance204" STATUS="ACTIVE" SUBSCRIPTION_ID="206" />
	
	<!-- InvoiceLoadingStepTest.testInvoiceValidated() -->
	<BILLING_INVOICE ID="1" VERSION="1" DISABLED="0" CREATED="2010-01-01" CREATOR_ID="1" INVOICE_NUMBER="3" TEMPORARY_INVOICE_NUMBER="1" />

	<!-- InvoiceLoadingStepTest.testInvoiceNotValidated() -->
	<BILLING_INVOICE ID="2" VERSION="1" DISABLED="0" CREATED="2010-01-01" CREATOR_ID="1" TEMPORARY_INVOICE_NUMBER="2" />


</dataset>